{"C:\\Proyectos\\shaffiro-front\\src\\App.vue": {"path":"C:\\Proyectos\\shaffiro-front\\src\\App.vue","statementMap":{"0":{"start":{"line":20,"column":0},"end":{"line":20,"column":null}},"1":{"start":{"line":21,"column":0},"end":{"line":21,"column":null}},"2":{"start":{"line":22,"column":0},"end":{"line":22,"column":null}},"3":{"start":{"line":32,"column":0},"end":{"line":32,"column":null}}},"fnMap":{"0":{"name":"(anonymous_1)","decl":{"start":{"line":31,"column":0},"end":{"line":31,"column":null}},"loc":{"start":{"line":31,"column":0},"end":{"line":33,"column":null}}}},"branchMap":{},"s":{"0":1,"1":1,"2":1,"3":1},"f":{"0":1},"b":{}}
,"C:\\Proyectos\\shaffiro-front\\src\\main.js": {"data":{"path":"C:\\Proyectos\\shaffiro-front\\src\\main.js","statementMap":{"0":{"start":{"line":10,"column":0},"end":{"line":10,"column":18}},"1":{"start":{"line":11,"column":0},"end":{"line":11,"column":32}},"2":{"start":{"line":13,"column":0},"end":{"line":15,"column":36}},"3":{"start":{"line":17,"column":0},"end":{"line":21,"column":17}},"4":{"start":{"line":20,"column":15},"end":{"line":20,"column":21}}},"fnMap":{"0":{"name":"(anonymous_0)","decl":{"start":{"line":20,"column":10},"end":{"line":20,"column":11}},"loc":{"start":{"line":20,"column":15},"end":{"line":20,"column":21}},"line":20}},"branchMap":{"0":{"loc":{"start":{"line":13,"column":25},"end":{"line":15,"column":36}},"type":"cond-expr","locations":[{"start":{"line":14,"column":4},"end":{"line":14,"column":37}},{"start":{"line":15,"column":4},"end":{"line":15,"column":36}}],"line":13}},"s":{"0":0,"1":0,"2":0,"3":0,"4":0},"f":{"0":0},"b":{"0":[0,0]},"hash":"6a375e5fa68b48cbd80a5e962364ca6f07a74f16"}}
,"C:\\Proyectos\\shaffiro-front\\src\\components\\LoginError.vue": {"path":"C:\\Proyectos\\shaffiro-front\\src\\components\\LoginError.vue","statementMap":{"0":{"start":{"line":20,"column":0},"end":{"line":20,"column":null}}},"fnMap":{"0":{"name":"(anonymous_1)","decl":{"start":{"line":19,"column":0},"end":{"line":19,"column":null}},"loc":{"start":{"line":19,"column":0},"end":{"line":21,"column":null}}}},"branchMap":{},"s":{"0":1},"f":{"0":1},"b":{}}
,"C:\\Proyectos\\shaffiro-front\\src\\components\\NavBar.vue": {"path":"C:\\Proyectos\\shaffiro-front\\src\\components\\NavBar.vue","statementMap":{"0":{"start":{"line":92,"column":0},"end":{"line":92,"column":null}},"1":{"start":{"line":95,"column":0},"end":{"line":95,"column":null}}},"fnMap":{"0":{"name":"(anonymous_1)","decl":{"start":{"line":91,"column":0},"end":{"line":91,"column":null}},"loc":{"start":{"line":91,"column":0},"end":{"line":93,"column":null}}},"1":{"name":"(anonymous_2)","decl":{"start":{"line":94,"column":0},"end":{"line":94,"column":null}},"loc":{"start":{"line":94,"column":0},"end":{"line":96,"column":null}}}},"branchMap":{},"s":{"0":2,"1":2},"f":{"0":2,"1":2},"b":{}}
,"C:\\Proyectos\\shaffiro-front\\src\\components\\base\\_base-input-select.vue": {"path":"C:\\Proyectos\\shaffiro-front\\src\\components\\base\\_base-input-select.vue","statementMap":{"0":{"start":{"line":39,"column":0},"end":{"line":39,"column":null}},"1":{"start":{"line":61,"column":0},"end":{"line":61,"column":null}},"2":{"start":{"line":68,"column":0},"end":{"line":68,"column":null}},"3":{"start":{"line":71,"column":0},"end":{"line":71,"column":null}}},"fnMap":{"0":{"name":"(anonymous_1)","decl":{"start":{"line":39,"column":0},"end":{"line":39,"column":null}},"loc":{"start":{"line":39,"column":0},"end":{"line":39,"column":null}}},"1":{"name":"(anonymous_2)","decl":{"start":{"line":60,"column":0},"end":{"line":60,"column":null}},"loc":{"start":{"line":60,"column":0},"end":{"line":64,"column":null}}},"2":{"name":"(anonymous_3)","decl":{"start":{"line":67,"column":0},"end":{"line":67,"column":null}},"loc":{"start":{"line":67,"column":0},"end":{"line":69,"column":null}}},"3":{"name":"(anonymous_4)","decl":{"start":{"line":70,"column":0},"end":{"line":70,"column":null}},"loc":{"start":{"line":70,"column":0},"end":{"line":72,"column":null}}}},"branchMap":{"0":{"loc":{"start":{"line":62,"column":0},"end":{"line":62,"column":null}},"type":"binary-expr","locations":[{"start":{"line":62,"column":0},"end":{"line":62,"column":null}},{"start":{"line":62,"column":0},"end":{"line":62,"column":null}}]}},"s":{"0":0,"1":17,"2":20,"3":3},"f":{"0":0,"1":17,"2":20,"3":3},"b":{"0":[17,7]}}
,"C:\\Proyectos\\shaffiro-front\\src\\components\\base\\_base-input.vue": {"path":"C:\\Proyectos\\shaffiro-front\\src\\components\\base\\_base-input.vue","statementMap":{"0":{"start":{"line":22,"column":0},"end":{"line":22,"column":null}},"1":{"start":{"line":42,"column":0},"end":{"line":42,"column":null}},"2":{"start":{"line":45,"column":0},"end":{"line":45,"column":null}},"3":{"start":{"line":46,"column":0},"end":{"line":46,"column":null}},"4":{"start":{"line":50,"column":0},"end":{"line":50,"column":null}},"5":{"start":{"line":51,"column":0},"end":{"line":51,"column":null}}},"fnMap":{"0":{"name":"(anonymous_1)","decl":{"start":{"line":21,"column":0},"end":{"line":21,"column":null}},"loc":{"start":{"line":21,"column":0},"end":{"line":31,"column":null}}},"1":{"name":"(anonymous_2)","decl":{"start":{"line":41,"column":0},"end":{"line":41,"column":null}},"loc":{"start":{"line":41,"column":0},"end":{"line":43,"column":null}}},"2":{"name":"(anonymous_3)","decl":{"start":{"line":44,"column":0},"end":{"line":44,"column":null}},"loc":{"start":{"line":44,"column":0},"end":{"line":47,"column":null}}},"3":{"name":"(anonymous_4)","decl":{"start":{"line":49,"column":0},"end":{"line":49,"column":null}},"loc":{"start":{"line":49,"column":0},"end":{"line":52,"column":null}}}},"branchMap":{"0":{"loc":{"start":{"line":45,"column":0},"end":{"line":45,"column":null}},"type":"if","locations":[{"start":{"line":45,"column":0},"end":{"line":45,"column":null}},{"start":{"line":45,"column":0},"end":{"line":45,"column":null}}]},"1":{"loc":{"start":{"line":50,"column":0},"end":{"line":50,"column":null}},"type":"if","locations":[{"start":{"line":50,"column":0},"end":{"line":50,"column":null}},{"start":{"line":50,"column":0},"end":{"line":50,"column":null}}]}},"s":{"0":100,"1":72,"2":2,"3":2,"4":72,"5":66},"f":{"0":100,"1":72,"2":2,"3":69},"b":{"0":[0,2],"1":[3,66]}}
,"C:\\Proyectos\\shaffiro-front\\src\\components\\base\\_base-link.vue": {"path":"C:\\Proyectos\\shaffiro-front\\src\\components\\base\\_base-link.vue","statementMap":{"0":{"start":{"line":39,"column":0},"end":{"line":39,"column":null}},"1":{"start":{"line":44,"column":0},"end":{"line":44,"column":null}}},"fnMap":{"0":{"name":"(anonymous_1)","decl":{"start":{"line":39,"column":0},"end":{"line":39,"column":null}},"loc":{"start":{"line":39,"column":0},"end":{"line":39,"column":null}}},"1":{"name":"(anonymous_2)","decl":{"start":{"line":43,"column":0},"end":{"line":43,"column":null}},"loc":{"start":{"line":43,"column":0},"end":{"line":49,"column":null}}}},"branchMap":{"0":{"loc":{"start":{"line":47,"column":0},"end":{"line":47,"column":null}},"type":"binary-expr","locations":[{"start":{"line":47,"column":0},"end":{"line":47,"column":null}},{"start":{"line":47,"column":0},"end":{"line":47,"column":null}}]}},"s":{"0":19,"1":23},"f":{"0":19,"1":23},"b":{"0":[23,2]}}
,"C:\\Proyectos\\shaffiro-front\\src\\components\\base\\globals.js": {"data":{"path":"C:\\Proyectos\\shaffiro-front\\src\\components\\base\\globals.js","statementMap":{"0":{"start":{"line":10,"column":0},"end":{"line":10,"column":39}},"1":{"start":{"line":11,"column":0},"end":{"line":11,"column":35}},"2":{"start":{"line":12,"column":0},"end":{"line":12,"column":39}},"3":{"start":{"line":13,"column":0},"end":{"line":13,"column":37}},"4":{"start":{"line":14,"column":0},"end":{"line":14,"column":53}},"5":{"start":{"line":15,"column":0},"end":{"line":15,"column":49}},"6":{"start":{"line":16,"column":0},"end":{"line":16,"column":35}}},"fnMap":{},"branchMap":{},"s":{"0":29,"1":29,"2":29,"3":29,"4":29,"5":29,"6":29},"f":{},"b":{},"_coverageSchema":"43e27e138ebf9cfc5966b082cf9a028302ed4184","hash":"e7bc344852b9b75c1b863704479e66752de3e97b"}}
,"C:\\Proyectos\\shaffiro-front\\src\\router\\index.js": {"data":{"path":"C:\\Proyectos\\shaffiro-front\\src\\router\\index.js","statementMap":{"0":{"start":{"line":6,"column":0},"end":{"line":6,"column":18}},"1":{"start":{"line":8,"column":15},"end":{"line":11,"column":2}},"2":{"start":{"line":13,"column":0},"end":{"line":42,"column":2}},"3":{"start":{"line":14,"column":25},"end":{"line":14,"column":74}},"4":{"start":{"line":14,"column":50},"end":{"line":14,"column":73}},"5":{"start":{"line":15,"column":26},"end":{"line":15,"column":76}},"6":{"start":{"line":15,"column":51},"end":{"line":15,"column":75}},"7":{"start":{"line":16,"column":21},"end":{"line":16,"column":53}},"8":{"start":{"line":18,"column":2},"end":{"line":37,"column":3}},"9":{"start":{"line":19,"column":4},"end":{"line":26,"column":5}},"10":{"start":{"line":20,"column":6},"end":{"line":20,"column":23}},"11":{"start":{"line":22,"column":6},"end":{"line":25,"column":10}},"12":{"start":{"line":24,"column":10},"end":{"line":24,"column":48}},"13":{"start":{"line":27,"column":9},"end":{"line":37,"column":3}},"14":{"start":{"line":28,"column":4},"end":{"line":34,"column":5}},"15":{"start":{"line":29,"column":6},"end":{"line":31,"column":8}},"16":{"start":{"line":33,"column":6},"end":{"line":33,"column":12}},"17":{"start":{"line":36,"column":4},"end":{"line":36,"column":10}},"18":{"start":{"line":40,"column":4},"end":{"line":40,"column":65}},"19":{"start":{"line":48,"column":0},"end":{"line":79,"column":2}},"20":{"start":{"line":49,"column":2},"end":{"line":75,"column":3}},"21":{"start":{"line":51,"column":4},"end":{"line":71,"column":5}},"22":{"start":{"line":52,"column":6},"end":{"line":70,"column":8}},"23":{"start":{"line":55,"column":8},"end":{"line":69,"column":9}},"24":{"start":{"line":56,"column":10},"end":{"line":65,"column":12}},"25":{"start":{"line":58,"column":12},"end":{"line":64,"column":13}},"26":{"start":{"line":60,"column":14},"end":{"line":60,"column":27}},"27":{"start":{"line":61,"column":14},"end":{"line":61,"column":45}},"28":{"start":{"line":63,"column":14},"end":{"line":63,"column":23}},"29":{"start":{"line":68,"column":10},"end":{"line":68,"column":19}},"30":{"start":{"line":74,"column":4},"end":{"line":74,"column":10}},"31":{"start":{"line":78,"column":2},"end":{"line":78,"column":8}}},"fnMap":{"0":{"name":"(anonymous_0)","decl":{"start":{"line":13,"column":18},"end":{"line":13,"column":19}},"loc":{"start":{"line":13,"column":38},"end":{"line":42,"column":1}},"line":13},"1":{"name":"(anonymous_1)","decl":{"start":{"line":14,"column":41},"end":{"line":14,"column":42}},"loc":{"start":{"line":14,"column":50},"end":{"line":14,"column":73}},"line":14},"2":{"name":"(anonymous_2)","decl":{"start":{"line":15,"column":42},"end":{"line":15,"column":43}},"loc":{"start":{"line":15,"column":51},"end":{"line":15,"column":75}},"line":15},"3":{"name":"(anonymous_3)","decl":{"start":{"line":23,"column":14},"end":{"line":23,"column":15}},"loc":{"start":{"line":23,"column":27},"end":{"line":25,"column":9}},"line":23},"4":{"name":"redirectToLogin","decl":{"start":{"line":39,"column":11},"end":{"line":39,"column":26}},"loc":{"start":{"line":39,"column":30},"end":{"line":41,"column":3}},"line":39},"5":{"name":"(anonymous_5)","decl":{"start":{"line":48,"column":21},"end":{"line":48,"column":22}},"loc":{"start":{"line":48,"column":57},"end":{"line":79,"column":1}},"line":48},"6":{"name":"(anonymous_6)","decl":{"start":{"line":52,"column":24},"end":{"line":52,"column":25}},"loc":{"start":{"line":52,"column":45},"end":{"line":70,"column":7}},"line":52},"7":{"name":"(anonymous_7)","decl":{"start":{"line":56,"column":55},"end":{"line":56,"column":56}},"loc":{"start":{"line":56,"column":68},"end":{"line":65,"column":11}},"line":56}},"branchMap":{"0":{"loc":{"start":{"line":18,"column":2},"end":{"line":37,"column":3}},"type":"if","locations":[{"start":{"line":18,"column":2},"end":{"line":37,"column":3}},{"start":{"line":18,"column":2},"end":{"line":37,"column":3}}],"line":18},"1":{"loc":{"start":{"line":19,"column":4},"end":{"line":26,"column":5}},"type":"if","locations":[{"start":{"line":19,"column":4},"end":{"line":26,"column":5}},{"start":{"line":19,"column":4},"end":{"line":26,"column":5}}],"line":19},"2":{"loc":{"start":{"line":24,"column":10},"end":{"line":24,"column":48}},"type":"cond-expr","locations":[{"start":{"line":24,"column":22},"end":{"line":24,"column":28}},{"start":{"line":24,"column":31},"end":{"line":24,"column":48}}],"line":24},"3":{"loc":{"start":{"line":27,"column":9},"end":{"line":37,"column":3}},"type":"if","locations":[{"start":{"line":27,"column":9},"end":{"line":37,"column":3}},{"start":{"line":27,"column":9},"end":{"line":37,"column":3}}],"line":27},"4":{"loc":{"start":{"line":28,"column":4},"end":{"line":34,"column":5}},"type":"if","locations":[{"start":{"line":28,"column":4},"end":{"line":34,"column":5}},{"start":{"line":28,"column":4},"end":{"line":34,"column":5}}],"line":28},"5":{"loc":{"start":{"line":55,"column":8},"end":{"line":69,"column":9}},"type":"if","locations":[{"start":{"line":55,"column":8},"end":{"line":69,"column":9}},{"start":{"line":55,"column":8},"end":{"line":69,"column":9}}],"line":55},"6":{"loc":{"start":{"line":55,"column":12},"end":{"line":55,"column":50}},"type":"binary-expr","locations":[{"start":{"line":55,"column":12},"end":{"line":55,"column":22}},{"start":{"line":55,"column":26},"end":{"line":55,"column":50}}],"line":55},"7":{"loc":{"start":{"line":58,"column":12},"end":{"line":64,"column":13}},"type":"if","locations":[{"start":{"line":58,"column":12},"end":{"line":64,"column":13}},{"start":{"line":58,"column":12},"end":{"line":64,"column":13}}],"line":58}},"s":{"0":0,"1":0,"2":0,"3":0,"4":0,"5":0,"6":0,"7":0,"8":0,"9":0,"10":0,"11":0,"12":0,"13":0,"14":0,"15":0,"16":0,"17":0,"18":0,"19":0,"20":0,"21":0,"22":0,"23":0,"24":0,"25":0,"26":0,"27":0,"28":0,"29":0,"30":0,"31":0},"f":{"0":0,"1":0,"2":0,"3":0,"4":0,"5":0,"6":0,"7":0},"b":{"0":[0,0],"1":[0,0],"2":[0,0],"3":[0,0],"4":[0,0],"5":[0,0],"6":[0,0],"7":[0,0]},"hash":"2c63a14036d5dea4af305a5224f1b4fba50b4065"}}
,"C:\\Proyectos\\shaffiro-front\\src\\router\\routes.js": {"data":{"path":"C:\\Proyectos\\shaffiro-front\\src\\router\\routes.js","statementMap":{"0":{"start":{"line":7,"column":21},"end":{"line":7,"column":54}},"1":{"start":{"line":12,"column":21},"end":{"line":12,"column":61}},"2":{"start":{"line":20,"column":21},"end":{"line":20,"column":63}},"3":{"start":{"line":28,"column":21},"end":{"line":28,"column":60}},"4":{"start":{"line":40,"column":8},"end":{"line":40,"column":37}},"5":{"start":{"line":44,"column":44},"end":{"line":46,"column":9}},"6":{"start":{"line":45,"column":19},"end":{"line":45,"column":42}},"7":{"start":{"line":50,"column":8},"end":{"line":50,"column":79}},"8":{"start":{"line":57,"column":21},"end":{"line":57,"column":72}},"9":{"start":{"line":65,"column":21},"end":{"line":65,"column":74}},"10":{"start":{"line":73,"column":21},"end":{"line":73,"column":62}},"11":{"start":{"line":77,"column":23},"end":{"line":77,"column":74}},"12":{"start":{"line":82,"column":21},"end":{"line":82,"column":69}},"13":{"start":{"line":90,"column":21},"end":{"line":90,"column":73}},"14":{"start":{"line":98,"column":21},"end":{"line":98,"column":70}},"15":{"start":{"line":106,"column":21},"end":{"line":106,"column":70}},"16":{"start":{"line":114,"column":21},"end":{"line":114,"column":81}},"17":{"start":{"line":122,"column":21},"end":{"line":122,"column":80}},"18":{"start":{"line":130,"column":21},"end":{"line":130,"column":96}},"19":{"start":{"line":138,"column":21},"end":{"line":138,"column":94}},"20":{"start":{"line":146,"column":21},"end":{"line":146,"column":63}},"21":{"start":{"line":154,"column":21},"end":{"line":154,"column":66}},"22":{"start":{"line":162,"column":21},"end":{"line":162,"column":66}}},"fnMap":{"0":{"name":"(anonymous_0)","decl":{"start":{"line":7,"column":15},"end":{"line":7,"column":16}},"loc":{"start":{"line":7,"column":21},"end":{"line":7,"column":54}},"line":7},"1":{"name":"(anonymous_1)","decl":{"start":{"line":12,"column":15},"end":{"line":12,"column":16}},"loc":{"start":{"line":12,"column":21},"end":{"line":12,"column":61}},"line":12},"2":{"name":"(anonymous_2)","decl":{"start":{"line":20,"column":15},"end":{"line":20,"column":16}},"loc":{"start":{"line":20,"column":21},"end":{"line":20,"column":63}},"line":20},"3":{"name":"(anonymous_3)","decl":{"start":{"line":28,"column":15},"end":{"line":28,"column":16}},"loc":{"start":{"line":28,"column":21},"end":{"line":28,"column":60}},"line":28},"4":{"name":"(anonymous_4)","decl":{"start":{"line":38,"column":21},"end":{"line":38,"column":22}},"loc":{"start":{"line":38,"column":51},"end":{"line":51,"column":7}},"line":38},"5":{"name":"(anonymous_5)","decl":{"start":{"line":45,"column":10},"end":{"line":45,"column":11}},"loc":{"start":{"line":45,"column":19},"end":{"line":45,"column":42}},"line":45},"6":{"name":"(anonymous_6)","decl":{"start":{"line":57,"column":15},"end":{"line":57,"column":16}},"loc":{"start":{"line":57,"column":21},"end":{"line":57,"column":72}},"line":57},"7":{"name":"(anonymous_7)","decl":{"start":{"line":65,"column":15},"end":{"line":65,"column":16}},"loc":{"start":{"line":65,"column":21},"end":{"line":65,"column":74}},"line":65},"8":{"name":"(anonymous_8)","decl":{"start":{"line":73,"column":15},"end":{"line":73,"column":16}},"loc":{"start":{"line":73,"column":21},"end":{"line":73,"column":62}},"line":73},"9":{"name":"(anonymous_9)","decl":{"start":{"line":77,"column":11},"end":{"line":77,"column":12}},"loc":{"start":{"line":77,"column":23},"end":{"line":77,"column":74}},"line":77},"10":{"name":"(anonymous_10)","decl":{"start":{"line":82,"column":15},"end":{"line":82,"column":16}},"loc":{"start":{"line":82,"column":21},"end":{"line":82,"column":69}},"line":82},"11":{"name":"(anonymous_11)","decl":{"start":{"line":90,"column":15},"end":{"line":90,"column":16}},"loc":{"start":{"line":90,"column":21},"end":{"line":90,"column":73}},"line":90},"12":{"name":"(anonymous_12)","decl":{"start":{"line":98,"column":15},"end":{"line":98,"column":16}},"loc":{"start":{"line":98,"column":21},"end":{"line":98,"column":70}},"line":98},"13":{"name":"(anonymous_13)","decl":{"start":{"line":106,"column":15},"end":{"line":106,"column":16}},"loc":{"start":{"line":106,"column":21},"end":{"line":106,"column":70}},"line":106},"14":{"name":"(anonymous_14)","decl":{"start":{"line":114,"column":15},"end":{"line":114,"column":16}},"loc":{"start":{"line":114,"column":21},"end":{"line":114,"column":81}},"line":114},"15":{"name":"(anonymous_15)","decl":{"start":{"line":122,"column":15},"end":{"line":122,"column":16}},"loc":{"start":{"line":122,"column":21},"end":{"line":122,"column":80}},"line":122},"16":{"name":"(anonymous_16)","decl":{"start":{"line":130,"column":15},"end":{"line":130,"column":16}},"loc":{"start":{"line":130,"column":21},"end":{"line":130,"column":96}},"line":130},"17":{"name":"(anonymous_17)","decl":{"start":{"line":138,"column":15},"end":{"line":138,"column":16}},"loc":{"start":{"line":138,"column":21},"end":{"line":138,"column":94}},"line":138},"18":{"name":"(anonymous_18)","decl":{"start":{"line":146,"column":15},"end":{"line":146,"column":16}},"loc":{"start":{"line":146,"column":21},"end":{"line":146,"column":63}},"line":146},"19":{"name":"(anonymous_19)","decl":{"start":{"line":154,"column":15},"end":{"line":154,"column":16}},"loc":{"start":{"line":154,"column":21},"end":{"line":154,"column":66}},"line":154},"20":{"name":"(anonymous_20)","decl":{"start":{"line":162,"column":15},"end":{"line":162,"column":16}},"loc":{"start":{"line":162,"column":21},"end":{"line":162,"column":66}},"line":162}},"branchMap":{"0":{"loc":{"start":{"line":50,"column":13},"end":{"line":50,"column":78}},"type":"cond-expr","locations":[{"start":{"line":50,"column":43},"end":{"line":50,"column":59}},{"start":{"line":50,"column":62},"end":{"line":50,"column":78}}],"line":50},"1":{"loc":{"start":{"line":77,"column":38},"end":{"line":77,"column":72}},"type":"binary-expr","locations":[{"start":{"line":77,"column":38},"end":{"line":77,"column":66}},{"start":{"line":77,"column":70},"end":{"line":77,"column":72}}],"line":77}},"s":{"0":0,"1":0,"2":0,"3":0,"4":0,"5":0,"6":0,"7":0,"8":0,"9":0,"10":0,"11":0,"12":0,"13":0,"14":0,"15":0,"16":0,"17":0,"18":0,"19":0,"20":0,"21":0,"22":0},"f":{"0":0,"1":0,"2":0,"3":0,"4":0,"5":0,"6":0,"7":0,"8":0,"9":0,"10":0,"11":0,"12":0,"13":0,"14":0,"15":0,"16":0,"17":0,"18":0,"19":0,"20":0},"b":{"0":[0,0],"1":[0,0]},"hash":"1c4e2689afa204e544dc1e9d5dd7b2b716c745ac"}}
,"C:\\Proyectos\\shaffiro-front\\src\\router\\views\\auth\\Activate.vue": {"path":"C:\\Proyectos\\shaffiro-front\\src\\router\\views\\auth\\Activate.vue","statementMap":{"0":{"start":{"line":20,"column":0},"end":{"line":20,"column":null}},"1":{"start":{"line":28,"column":0},"end":{"line":28,"column":null}}},"fnMap":{"0":{"name":"(anonymous_1)","decl":{"start":{"line":27,"column":0},"end":{"line":27,"column":null}},"loc":{"start":{"line":27,"column":0},"end":{"line":29,"column":null}}}},"branchMap":{},"s":{"0":1,"1":1},"f":{"0":1},"b":{}}
,"C:\\Proyectos\\shaffiro-front\\src\\router\\views\\auth\\ChangePassword.vue": {"path":"C:\\Proyectos\\shaffiro-front\\src\\router\\views\\auth\\ChangePassword.vue","statementMap":{"0":{"start":{"line":66,"column":0},"end":{"line":66,"column":null}},"1":{"start":{"line":67,"column":0},"end":{"line":67,"column":null}},"2":{"start":{"line":68,"column":0},"end":{"line":68,"column":null}},"3":{"start":{"line":72,"column":0},"end":{"line":72,"column":null}},"4":{"start":{"line":81,"column":0},"end":{"line":81,"column":null}},"5":{"start":{"line":86,"column":0},"end":{"line":91,"column":null}},"6":{"start":{"line":87,"column":0},"end":{"line":87,"column":null}},"7":{"start":{"line":88,"column":0},"end":{"line":88,"column":null}},"8":{"start":{"line":90,"column":0},"end":{"line":90,"column":null}},"9":{"start":{"line":101,"column":0},"end":{"line":101,"column":null}}},"fnMap":{"0":{"name":"(anonymous_1)","decl":{"start":{"line":71,"column":0},"end":{"line":71,"column":null}},"loc":{"start":{"line":71,"column":0},"end":{"line":78,"column":null}}},"1":{"name":"(anonymous_2)","decl":{"start":{"line":80,"column":0},"end":{"line":80,"column":null}},"loc":{"start":{"line":80,"column":0},"end":{"line":92,"column":null}}},"2":{"name":"(anonymous_3)","decl":{"start":{"line":100,"column":0},"end":{"line":100,"column":null}},"loc":{"start":{"line":100,"column":0},"end":{"line":102,"column":null}}}},"branchMap":{},"s":{"0":0,"1":0,"2":0,"3":0,"4":0,"5":0,"6":0,"7":0,"8":0,"9":0},"f":{"0":0,"1":0,"2":0},"b":{}}
,"C:\\Proyectos\\shaffiro-front\\src\\router\\views\\auth\\LogIn.vue": {"path":"C:\\Proyectos\\shaffiro-front\\src\\router\\views\\auth\\LogIn.vue","statementMap":{"0":{"start":{"line":72,"column":0},"end":{"line":72,"column":null}},"1":{"start":{"line":73,"column":0},"end":{"line":73,"column":null}},"2":{"start":{"line":80,"column":0},"end":{"line":80,"column":null}},"3":{"start":{"line":96,"column":0},"end":{"line":96,"column":null}},"4":{"start":{"line":98,"column":0},"end":{"line":98,"column":null}},"5":{"start":{"line":104,"column":0},"end":{"line":109,"column":null}},"6":{"start":{"line":105,"column":0},"end":{"line":105,"column":null}},"7":{"start":{"line":106,"column":0},"end":{"line":106,"column":null}},"8":{"start":{"line":108,"column":0},"end":{"line":108,"column":null}}},"fnMap":{"0":{"name":"(anonymous_1)","decl":{"start":{"line":79,"column":0},"end":{"line":79,"column":null}},"loc":{"start":{"line":79,"column":0},"end":{"line":85,"column":null}}},"1":{"name":"(anonymous_2)","decl":{"start":{"line":95,"column":0},"end":{"line":95,"column":null}},"loc":{"start":{"line":95,"column":0},"end":{"line":110,"column":null}}}},"branchMap":{},"s":{"0":1,"1":1,"2":4,"3":1,"4":1,"5":1,"6":1,"7":0,"8":1},"f":{"0":4,"1":1},"b":{}}
,"C:\\Proyectos\\shaffiro-front\\src\\router\\views\\auth\\Profile.vue": {"path":"C:\\Proyectos\\shaffiro-front\\src\\router\\views\\auth\\Profile.vue","statementMap":{"0":{"start":{"line":23,"column":0},"end":{"line":23,"column":null}}},"fnMap":{"0":{"name":"(anonymous_1)","decl":{"start":{"line":22,"column":0},"end":{"line":22,"column":null}},"loc":{"start":{"line":22,"column":0},"end":{"line":26,"column":null}}}},"branchMap":{},"s":{"0":0},"f":{"0":0},"b":{}}
,"C:\\Proyectos\\shaffiro-front\\src\\router\\views\\auth\\ResetPasswordFinish.vue": {"path":"C:\\Proyectos\\shaffiro-front\\src\\router\\views\\auth\\ResetPasswordFinish.vue","statementMap":{"0":{"start":{"line":97,"column":0},"end":{"line":97,"column":null}},"1":{"start":{"line":98,"column":0},"end":{"line":98,"column":null}},"2":{"start":{"line":99,"column":0},"end":{"line":99,"column":null}},"3":{"start":{"line":100,"column":0},"end":{"line":100,"column":null}},"4":{"start":{"line":105,"column":0},"end":{"line":105,"column":null}},"5":{"start":{"line":106,"column":0},"end":{"line":106,"column":null}},"6":{"start":{"line":109,"column":0},"end":{"line":109,"column":null}},"7":{"start":{"line":119,"column":0},"end":{"line":119,"column":null}},"8":{"start":{"line":124,"column":0},"end":{"line":134,"column":null}},"9":{"start":{"line":125,"column":0},"end":{"line":125,"column":null}},"10":{"start":{"line":126,"column":0},"end":{"line":126,"column":null}},"11":{"start":{"line":127,"column":0},"end":{"line":127,"column":null}},"12":{"start":{"line":129,"column":0},"end":{"line":133,"column":null}},"13":{"start":{"line":130,"column":0},"end":{"line":130,"column":null}},"14":{"start":{"line":132,"column":0},"end":{"line":132,"column":null}},"15":{"start":{"line":137,"column":0},"end":{"line":137,"column":null}},"16":{"start":{"line":147,"column":0},"end":{"line":147,"column":null}}},"fnMap":{"0":{"name":"(anonymous_1)","decl":{"start":{"line":104,"column":0},"end":{"line":104,"column":null}},"loc":{"start":{"line":104,"column":0},"end":{"line":107,"column":null}}},"1":{"name":"(anonymous_2)","decl":{"start":{"line":108,"column":0},"end":{"line":108,"column":null}},"loc":{"start":{"line":108,"column":0},"end":{"line":116,"column":null}}},"2":{"name":"(anonymous_3)","decl":{"start":{"line":118,"column":0},"end":{"line":118,"column":null}},"loc":{"start":{"line":118,"column":0},"end":{"line":135,"column":null}}},"3":{"name":"(anonymous_4)","decl":{"start":{"line":136,"column":0},"end":{"line":136,"column":null}},"loc":{"start":{"line":136,"column":0},"end":{"line":138,"column":null}}},"4":{"name":"(anonymous_5)","decl":{"start":{"line":146,"column":0},"end":{"line":146,"column":null}},"loc":{"start":{"line":146,"column":0},"end":{"line":148,"column":null}}}},"branchMap":{"0":{"loc":{"start":{"line":114,"column":0},"end":{"line":114,"column":null}},"type":"binary-expr","locations":[{"start":{"line":114,"column":0},"end":{"line":114,"column":null}},{"start":{"line":114,"column":0},"end":{"line":114,"column":null}}]},"1":{"loc":{"start":{"line":129,"column":0},"end":{"line":133,"column":null}},"type":"if","locations":[{"start":{"line":129,"column":0},"end":{"line":133,"column":null}},{"start":{"line":129,"column":0},"end":{"line":133,"column":null}}]},"2":{"loc":{"start":{"line":129,"column":0},"end":{"line":129,"column":null}},"type":"binary-expr","locations":[{"start":{"line":129,"column":0},"end":{"line":129,"column":null}},{"start":{"line":129,"column":0},"end":{"line":129,"column":null}},{"start":{"line":129,"column":0},"end":{"line":129,"column":null}}]}},"s":{"0":1,"1":1,"2":1,"3":1,"4":1,"5":1,"6":4,"7":3,"8":3,"9":3,"10":1,"11":1,"12":2,"13":1,"14":1,"15":1,"16":0},"f":{"0":1,"1":4,"2":3,"3":1,"4":0},"b":{"0":[4,4],"1":[1,1],"2":[2,1,1]}}
,"C:\\Proyectos\\shaffiro-front\\src\\router\\views\\auth\\ResetPasswordInit.vue": {"path":"C:\\Proyectos\\shaffiro-front\\src\\router\\views\\auth\\ResetPasswordInit.vue","statementMap":{"0":{"start":{"line":61,"column":0},"end":{"line":61,"column":null}},"1":{"start":{"line":62,"column":0},"end":{"line":62,"column":null}},"2":{"start":{"line":63,"column":0},"end":{"line":63,"column":null}},"3":{"start":{"line":68,"column":0},"end":{"line":68,"column":null}},"4":{"start":{"line":76,"column":0},"end":{"line":76,"column":null}},"5":{"start":{"line":77,"column":0},"end":{"line":77,"column":null}},"6":{"start":{"line":79,"column":0},"end":{"line":92,"column":null}},"7":{"start":{"line":80,"column":0},"end":{"line":80,"column":null}},"8":{"start":{"line":85,"column":0},"end":{"line":85,"column":null}},"9":{"start":{"line":87,"column":0},"end":{"line":91,"column":null}},"10":{"start":{"line":88,"column":0},"end":{"line":88,"column":null}},"11":{"start":{"line":90,"column":0},"end":{"line":90,"column":null}}},"fnMap":{"0":{"name":"(anonymous_1)","decl":{"start":{"line":67,"column":0},"end":{"line":67,"column":null}},"loc":{"start":{"line":67,"column":0},"end":{"line":73,"column":null}}},"1":{"name":"(anonymous_2)","decl":{"start":{"line":75,"column":0},"end":{"line":75,"column":null}},"loc":{"start":{"line":75,"column":0},"end":{"line":93,"column":null}}}},"branchMap":{"0":{"loc":{"start":{"line":87,"column":0},"end":{"line":91,"column":null}},"type":"if","locations":[{"start":{"line":87,"column":0},"end":{"line":91,"column":null}},{"start":{"line":87,"column":0},"end":{"line":91,"column":null}}]}},"s":{"0":1,"1":1,"2":1,"3":3,"4":3,"5":3,"6":3,"7":3,"8":1,"9":2,"10":1,"11":1},"f":{"0":3,"1":3},"b":{"0":[1,1]}}
,"C:\\Proyectos\\shaffiro-front\\src\\router\\views\\auth\\SignUp.vue": {"path":"C:\\Proyectos\\shaffiro-front\\src\\router\\views\\auth\\SignUp.vue","statementMap":{"0":{"start":{"line":121,"column":0},"end":{"line":121,"column":null}},"1":{"start":{"line":122,"column":0},"end":{"line":122,"column":null}},"2":{"start":{"line":123,"column":0},"end":{"line":123,"column":null}},"3":{"start":{"line":130,"column":0},"end":{"line":130,"column":null}},"4":{"start":{"line":147,"column":0},"end":{"line":147,"column":null}},"5":{"start":{"line":153,"column":0},"end":{"line":153,"column":null}},"6":{"start":{"line":159,"column":0},"end":{"line":159,"column":null}},"7":{"start":{"line":165,"column":0},"end":{"line":165,"column":null}},"8":{"start":{"line":166,"column":0},"end":{"line":166,"column":null}},"9":{"start":{"line":168,"column":0},"end":{"line":168,"column":null}},"10":{"start":{"line":175,"column":0},"end":{"line":189,"column":null}},"11":{"start":{"line":176,"column":0},"end":{"line":176,"column":null}},"12":{"start":{"line":177,"column":0},"end":{"line":177,"column":null}},"13":{"start":{"line":179,"column":0},"end":{"line":179,"column":null}},"14":{"start":{"line":181,"column":0},"end":{"line":181,"column":null}},"15":{"start":{"line":182,"column":0},"end":{"line":182,"column":null}},"16":{"start":{"line":184,"column":0},"end":{"line":184,"column":null}},"17":{"start":{"line":185,"column":0},"end":{"line":185,"column":null}},"18":{"start":{"line":187,"column":0},"end":{"line":187,"column":null}}},"fnMap":{"0":{"name":"(anonymous_1)","decl":{"start":{"line":129,"column":0},"end":{"line":129,"column":null}},"loc":{"start":{"line":129,"column":0},"end":{"line":138,"column":null}}},"1":{"name":"(anonymous_2)","decl":{"start":{"line":146,"column":0},"end":{"line":146,"column":null}},"loc":{"start":{"line":146,"column":0},"end":{"line":148,"column":null}}},"2":{"name":"(anonymous_3)","decl":{"start":{"line":152,"column":0},"end":{"line":152,"column":null}},"loc":{"start":{"line":152,"column":0},"end":{"line":154,"column":null}}},"3":{"name":"(anonymous_4)","decl":{"start":{"line":158,"column":0},"end":{"line":158,"column":null}},"loc":{"start":{"line":158,"column":0},"end":{"line":160,"column":null}}},"4":{"name":"(anonymous_5)","decl":{"start":{"line":164,"column":0},"end":{"line":164,"column":null}},"loc":{"start":{"line":164,"column":0},"end":{"line":190,"column":null}}}},"branchMap":{"0":{"loc":{"start":{"line":180,"column":0},"end":{"line":182,"column":null}},"type":"switch","locations":[{"start":{"line":180,"column":0},"end":{"line":182,"column":null}},{"start":{"line":183,"column":0},"end":{"line":185,"column":null}},{"start":{"line":186,"column":0},"end":{"line":187,"column":null}}]}},"s":{"0":1,"1":1,"2":1,"3":5,"4":0,"5":0,"6":0,"7":3,"8":3,"9":3,"10":3,"11":3,"12":1,"13":3,"14":1,"15":1,"16":1,"17":1,"18":1},"f":{"0":5,"1":0,"2":0,"3":0,"4":3},"b":{"0":[1,1,1]}}
,"C:\\Proyectos\\shaffiro-front\\src\\router\\views\\dispositivos\\EditarDispositivo.vue": {"path":"C:\\Proyectos\\shaffiro-front\\src\\router\\views\\dispositivos\\EditarDispositivo.vue","statementMap":{"0":{"start":{"line":46,"column":0},"end":{"line":46,"column":null}},"1":{"start":{"line":47,"column":0},"end":{"line":47,"column":null}},"2":{"start":{"line":48,"column":0},"end":{"line":48,"column":null}},"3":{"start":{"line":53,"column":0},"end":{"line":61,"column":null}},"4":{"start":{"line":54,"column":0},"end":{"line":54,"column":null}},"5":{"start":{"line":56,"column":0},"end":{"line":56,"column":null}},"6":{"start":{"line":57,"column":0},"end":{"line":57,"column":null}},"7":{"start":{"line":58,"column":0},"end":{"line":58,"column":null}},"8":{"start":{"line":59,"column":0},"end":{"line":59,"column":null}},"9":{"start":{"line":60,"column":0},"end":{"line":60,"column":null}},"10":{"start":{"line":64,"column":0},"end":{"line":64,"column":null}},"11":{"start":{"line":65,"column":0},"end":{"line":65,"column":null}},"12":{"start":{"line":68,"column":0},"end":{"line":68,"column":null}},"13":{"start":{"line":80,"column":0},"end":{"line":80,"column":null}},"14":{"start":{"line":88,"column":0},"end":{"line":94,"column":null}},"15":{"start":{"line":89,"column":0},"end":{"line":89,"column":null}},"16":{"start":{"line":90,"column":0},"end":{"line":90,"column":null}},"17":{"start":{"line":93,"column":0},"end":{"line":93,"column":null}}},"fnMap":{"0":{"name":"(anonymous_1)","decl":{"start":{"line":52,"column":0},"end":{"line":52,"column":null}},"loc":{"start":{"line":52,"column":0},"end":{"line":62,"column":null}}},"1":{"name":"(anonymous_2)","decl":{"start":{"line":53,"column":0},"end":{"line":53,"column":null}},"loc":{"start":{"line":53,"column":0},"end":{"line":61,"column":null}}},"2":{"name":"(anonymous_3)","decl":{"start":{"line":63,"column":0},"end":{"line":63,"column":null}},"loc":{"start":{"line":63,"column":0},"end":{"line":66,"column":null}}},"3":{"name":"(anonymous_4)","decl":{"start":{"line":67,"column":0},"end":{"line":67,"column":null}},"loc":{"start":{"line":67,"column":0},"end":{"line":77,"column":null}}},"4":{"name":"(anonymous_5)","decl":{"start":{"line":79,"column":0},"end":{"line":79,"column":null}},"loc":{"start":{"line":79,"column":0},"end":{"line":95,"column":null}}}},"branchMap":{},"s":{"0":1,"1":1,"2":1,"3":1,"4":1,"5":1,"6":1,"7":1,"8":1,"9":1,"10":1,"11":1,"12":4,"13":2,"14":2,"15":2,"16":1,"17":1},"f":{"0":1,"1":1,"2":1,"3":4,"4":2},"b":{}}
,"C:\\Proyectos\\shaffiro-front\\src\\router\\views\\dispositivos\\ListarDispositivos.vue": {"path":"C:\\Proyectos\\shaffiro-front\\src\\router\\views\\dispositivos\\ListarDispositivos.vue","statementMap":{"0":{"start":{"line":57,"column":0},"end":{"line":57,"column":null}},"1":{"start":{"line":58,"column":0},"end":{"line":58,"column":null}},"2":{"start":{"line":59,"column":0},"end":{"line":59,"column":null}},"3":{"start":{"line":66,"column":0},"end":{"line":66,"column":null}},"4":{"start":{"line":76,"column":0},"end":{"line":76,"column":null}},"5":{"start":{"line":79,"column":0},"end":{"line":90,"column":null}},"6":{"start":{"line":80,"column":0},"end":{"line":87,"column":null}},"7":{"start":{"line":80,"column":0},"end":{"line":80,"column":null}},"8":{"start":{"line":83,"column":0},"end":{"line":83,"column":null}},"9":{"start":{"line":89,"column":0},"end":{"line":89,"column":null}},"10":{"start":{"line":92,"column":0},"end":{"line":92,"column":null}},"11":{"start":{"line":108,"column":0},"end":{"line":111,"column":null}},"12":{"start":{"line":110,"column":0},"end":{"line":110,"column":null}},"13":{"start":{"line":113,"column":0},"end":{"line":113,"column":null}},"14":{"start":{"line":116,"column":0},"end":{"line":116,"column":null}},"15":{"start":{"line":120,"column":0},"end":{"line":120,"column":null}},"16":{"start":{"line":125,"column":0},"end":{"line":125,"column":null}},"17":{"start":{"line":128,"column":0},"end":{"line":128,"column":null}},"18":{"start":{"line":131,"column":0},"end":{"line":131,"column":null}},"19":{"start":{"line":132,"column":0},"end":{"line":132,"column":null}},"20":{"start":{"line":135,"column":0},"end":{"line":135,"column":null}},"21":{"start":{"line":137,"column":0},"end":{"line":142,"column":null}},"22":{"start":{"line":138,"column":0},"end":{"line":138,"column":null}},"23":{"start":{"line":141,"column":0},"end":{"line":141,"column":null}}},"fnMap":{"0":{"name":"(anonymous_1)","decl":{"start":{"line":65,"column":0},"end":{"line":65,"column":null}},"loc":{"start":{"line":65,"column":0},"end":{"line":73,"column":null}}},"1":{"name":"(anonymous_2)","decl":{"start":{"line":75,"column":0},"end":{"line":75,"column":null}},"loc":{"start":{"line":75,"column":0},"end":{"line":77,"column":null}}},"2":{"name":"(anonymous_3)","decl":{"start":{"line":78,"column":0},"end":{"line":78,"column":null}},"loc":{"start":{"line":78,"column":0},"end":{"line":114,"column":null}}},"3":{"name":"(anonymous_4)","decl":{"start":{"line":79,"column":0},"end":{"line":79,"column":null}},"loc":{"start":{"line":79,"column":0},"end":{"line":90,"column":null}}},"4":{"name":"(anonymous_5)","decl":{"start":{"line":80,"column":0},"end":{"line":80,"column":null}},"loc":{"start":{"line":80,"column":0},"end":{"line":80,"column":null}}},"5":{"name":"(anonymous_7)","decl":{"start":{"line":92,"column":0},"end":{"line":92,"column":null}},"loc":{"start":{"line":92,"column":0},"end":{"line":92,"column":null}}},"6":{"name":"(anonymous_8)","decl":{"start":{"line":108,"column":0},"end":{"line":108,"column":null}},"loc":{"start":{"line":108,"column":0},"end":{"line":111,"column":null}}},"7":{"name":"(anonymous_9)","decl":{"start":{"line":115,"column":0},"end":{"line":115,"column":null}},"loc":{"start":{"line":115,"column":0},"end":{"line":117,"column":null}}},"8":{"name":"(anonymous_10)","decl":{"start":{"line":119,"column":0},"end":{"line":119,"column":null}},"loc":{"start":{"line":119,"column":0},"end":{"line":121,"column":null}}},"9":{"name":"(anonymous_11)","decl":{"start":{"line":124,"column":0},"end":{"line":124,"column":null}},"loc":{"start":{"line":124,"column":0},"end":{"line":126,"column":null}}},"10":{"name":"(anonymous_12)","decl":{"start":{"line":127,"column":0},"end":{"line":127,"column":null}},"loc":{"start":{"line":127,"column":0},"end":{"line":129,"column":null}}},"11":{"name":"(anonymous_13)","decl":{"start":{"line":130,"column":0},"end":{"line":130,"column":null}},"loc":{"start":{"line":130,"column":0},"end":{"line":133,"column":null}}},"12":{"name":"(anonymous_14)","decl":{"start":{"line":134,"column":0},"end":{"line":134,"column":null}},"loc":{"start":{"line":134,"column":0},"end":{"line":143,"column":null}}}},"branchMap":{"0":{"loc":{"start":{"line":92,"column":0},"end":{"line":92,"column":null}},"type":"cond-expr","locations":[{"start":{"line":92,"column":0},"end":{"line":92,"column":null}},{"start":{"line":92,"column":0},"end":{"line":92,"column":null}}]}},"s":{"0":1,"1":1,"2":1,"3":9,"4":4,"5":4,"6":8,"7":48,"8":16,"9":8,"10":12,"11":4,"12":8,"13":4,"14":4,"15":9,"16":8,"17":1,"18":1,"19":1,"20":2,"21":2,"22":2,"23":1},"f":{"0":9,"1":4,"2":4,"3":8,"4":64,"5":8,"6":8,"7":4,"8":9,"9":8,"10":1,"11":1,"12":2},"b":{"0":[8,0]}}
,"C:\\Proyectos\\shaffiro-front\\src\\router\\views\\dispositivos-no-asociados\\AsociarDispositivo.vue": {"path":"C:\\Proyectos\\shaffiro-front\\src\\router\\views\\dispositivos-no-asociados\\AsociarDispositivo.vue","statementMap":{"0":{"start":{"line":64,"column":0},"end":{"line":64,"column":null}},"1":{"start":{"line":65,"column":0},"end":{"line":65,"column":null}},"2":{"start":{"line":66,"column":0},"end":{"line":66,"column":null}},"3":{"start":{"line":67,"column":0},"end":{"line":67,"column":null}},"4":{"start":{"line":72,"column":0},"end":{"line":78,"column":null}},"5":{"start":{"line":73,"column":0},"end":{"line":73,"column":null}},"6":{"start":{"line":75,"column":0},"end":{"line":75,"column":null}},"7":{"start":{"line":76,"column":0},"end":{"line":76,"column":null}},"8":{"start":{"line":77,"column":0},"end":{"line":77,"column":null}},"9":{"start":{"line":81,"column":0},"end":{"line":81,"column":null}},"10":{"start":{"line":82,"column":0},"end":{"line":82,"column":null}},"11":{"start":{"line":85,"column":0},"end":{"line":85,"column":null}},"12":{"start":{"line":103,"column":0},"end":{"line":103,"column":null}},"13":{"start":{"line":104,"column":0},"end":{"line":104,"column":null}},"14":{"start":{"line":105,"column":0},"end":{"line":113,"column":null}},"15":{"start":{"line":106,"column":0},"end":{"line":106,"column":null}},"16":{"start":{"line":107,"column":0},"end":{"line":107,"column":null}},"17":{"start":{"line":108,"column":0},"end":{"line":108,"column":null}},"18":{"start":{"line":109,"column":0},"end":{"line":109,"column":null}},"19":{"start":{"line":110,"column":0},"end":{"line":113,"column":null}},"20":{"start":{"line":111,"column":0},"end":{"line":111,"column":null}},"21":{"start":{"line":112,"column":0},"end":{"line":112,"column":null}},"22":{"start":{"line":116,"column":0},"end":{"line":116,"column":null}},"23":{"start":{"line":124,"column":0},"end":{"line":130,"column":null}},"24":{"start":{"line":125,"column":0},"end":{"line":125,"column":null}},"25":{"start":{"line":126,"column":0},"end":{"line":126,"column":null}},"26":{"start":{"line":129,"column":0},"end":{"line":129,"column":null}}},"fnMap":{"0":{"name":"(anonymous_1)","decl":{"start":{"line":71,"column":0},"end":{"line":71,"column":null}},"loc":{"start":{"line":71,"column":0},"end":{"line":79,"column":null}}},"1":{"name":"(anonymous_2)","decl":{"start":{"line":72,"column":0},"end":{"line":72,"column":null}},"loc":{"start":{"line":72,"column":0},"end":{"line":78,"column":null}}},"2":{"name":"(anonymous_3)","decl":{"start":{"line":80,"column":0},"end":{"line":80,"column":null}},"loc":{"start":{"line":80,"column":0},"end":{"line":83,"column":null}}},"3":{"name":"(anonymous_4)","decl":{"start":{"line":84,"column":0},"end":{"line":84,"column":null}},"loc":{"start":{"line":84,"column":0},"end":{"line":100,"column":null}}},"4":{"name":"(anonymous_5)","decl":{"start":{"line":102,"column":0},"end":{"line":102,"column":null}},"loc":{"start":{"line":102,"column":0},"end":{"line":114,"column":null}}},"5":{"name":"(anonymous_6)","decl":{"start":{"line":115,"column":0},"end":{"line":115,"column":null}},"loc":{"start":{"line":115,"column":0},"end":{"line":131,"column":null}}}},"branchMap":{"0":{"loc":{"start":{"line":105,"column":0},"end":{"line":113,"column":null}},"type":"if","locations":[{"start":{"line":105,"column":0},"end":{"line":113,"column":null}},{"start":{"line":105,"column":0},"end":{"line":113,"column":null}}]},"1":{"loc":{"start":{"line":110,"column":0},"end":{"line":113,"column":null}},"type":"if","locations":[{"start":{"line":110,"column":0},"end":{"line":113,"column":null}},{"start":{"line":110,"column":0},"end":{"line":113,"column":null}}]}},"s":{"0":1,"1":1,"2":1,"3":1,"4":1,"5":1,"6":1,"7":1,"8":1,"9":1,"10":1,"11":7,"12":2,"13":2,"14":2,"15":1,"16":1,"17":1,"18":1,"19":1,"20":1,"21":1,"22":2,"23":2,"24":2,"25":1,"26":1},"f":{"0":1,"1":1,"2":1,"3":7,"4":2,"5":2},"b":{"0":[1,1],"1":[1,0]}}
,"C:\\Proyectos\\shaffiro-front\\src\\router\\views\\dispositivos-no-asociados\\DetectarDispositivos.vue": {"path":"C:\\Proyectos\\shaffiro-front\\src\\router\\views\\dispositivos-no-asociados\\DetectarDispositivos.vue","statementMap":{"0":{"start":{"line":38,"column":0},"end":{"line":38,"column":null}},"1":{"start":{"line":45,"column":0},"end":{"line":45,"column":null}},"2":{"start":{"line":53,"column":0},"end":{"line":53,"column":null}},"3":{"start":{"line":57,"column":0},"end":{"line":57,"column":null}},"4":{"start":{"line":61,"column":0},"end":{"line":61,"column":null}},"5":{"start":{"line":62,"column":0},"end":{"line":62,"column":null}}},"fnMap":{"0":{"name":"(anonymous_1)","decl":{"start":{"line":44,"column":0},"end":{"line":44,"column":null}},"loc":{"start":{"line":44,"column":0},"end":{"line":50,"column":null}}},"1":{"name":"(anonymous_2)","decl":{"start":{"line":52,"column":0},"end":{"line":52,"column":null}},"loc":{"start":{"line":52,"column":0},"end":{"line":54,"column":null}}},"2":{"name":"(anonymous_3)","decl":{"start":{"line":56,"column":0},"end":{"line":56,"column":null}},"loc":{"start":{"line":56,"column":0},"end":{"line":58,"column":null}}},"3":{"name":"(anonymous_4)","decl":{"start":{"line":60,"column":0},"end":{"line":60,"column":null}},"loc":{"start":{"line":60,"column":0},"end":{"line":63,"column":null}}}},"branchMap":{},"s":{"0":1,"1":4,"2":2,"3":4,"4":1,"5":1},"f":{"0":4,"1":2,"2":4,"3":1},"b":{}}
,"C:\\Proyectos\\shaffiro-front\\src\\router\\views\\layouts\\Listado.vue": {"path":"C:\\Proyectos\\shaffiro-front\\src\\router\\views\\layouts\\Listado.vue","statementMap":{"0":{"start":{"line":117,"column":0},"end":{"line":117,"column":null}}},"fnMap":{"0":{"name":"(anonymous_1)","decl":{"start":{"line":116,"column":0},"end":{"line":116,"column":null}},"loc":{"start":{"line":116,"column":0},"end":{"line":120,"column":null}}}},"branchMap":{},"s":{"0":23},"f":{"0":23},"b":{}}
,"C:\\Proyectos\\shaffiro-front\\src\\router\\views\\reglas\\ReglaForm.vue": {"path":"C:\\Proyectos\\shaffiro-front\\src\\router\\views\\reglas\\ReglaForm.vue","statementMap":{"0":{"start":{"line":238,"column":0},"end":{"line":238,"column":null}},"1":{"start":{"line":239,"column":0},"end":{"line":239,"column":null}},"2":{"start":{"line":240,"column":0},"end":{"line":240,"column":null}},"3":{"start":{"line":241,"column":0},"end":{"line":241,"column":null}},"4":{"start":{"line":242,"column":0},"end":{"line":242,"column":null}},"5":{"start":{"line":249,"column":0},"end":{"line":249,"column":null}},"6":{"start":{"line":271,"column":0},"end":{"line":271,"column":null}},"7":{"start":{"line":274,"column":0},"end":{"line":274,"column":null}},"8":{"start":{"line":277,"column":0},"end":{"line":277,"column":null}},"9":{"start":{"line":280,"column":0},"end":{"line":280,"column":null}},"10":{"start":{"line":283,"column":0},"end":{"line":283,"column":null}},"11":{"start":{"line":286,"column":0},"end":{"line":286,"column":null}},"12":{"start":{"line":289,"column":0},"end":{"line":289,"column":null}},"13":{"start":{"line":292,"column":0},"end":{"line":292,"column":null}},"14":{"start":{"line":295,"column":0},"end":{"line":297,"column":null}},"15":{"start":{"line":296,"column":0},"end":{"line":296,"column":null}},"16":{"start":{"line":299,"column":0},"end":{"line":305,"column":null}},"17":{"start":{"line":300,"column":0},"end":{"line":300,"column":null}},"18":{"start":{"line":301,"column":0},"end":{"line":305,"column":null}},"19":{"start":{"line":302,"column":0},"end":{"line":302,"column":null}},"20":{"start":{"line":304,"column":0},"end":{"line":304,"column":null}},"21":{"start":{"line":308,"column":0},"end":{"line":308,"column":null}},"22":{"start":{"line":311,"column":0},"end":{"line":311,"column":null}},"23":{"start":{"line":314,"column":0},"end":{"line":314,"column":null}},"24":{"start":{"line":316,"column":0},"end":{"line":321,"column":null}},"25":{"start":{"line":317,"column":0},"end":{"line":317,"column":null}},"26":{"start":{"line":318,"column":0},"end":{"line":318,"column":null}},"27":{"start":{"line":320,"column":0},"end":{"line":320,"column":null}},"28":{"start":{"line":323,"column":0},"end":{"line":323,"column":null}},"29":{"start":{"line":325,"column":0},"end":{"line":325,"column":null}},"30":{"start":{"line":329,"column":0},"end":{"line":329,"column":null}},"31":{"start":{"line":330,"column":0},"end":{"line":330,"column":null}},"32":{"start":{"line":331,"column":0},"end":{"line":331,"column":null}},"33":{"start":{"line":332,"column":0},"end":{"line":351,"column":null}},"34":{"start":{"line":333,"column":0},"end":{"line":333,"column":null}},"35":{"start":{"line":334,"column":0},"end":{"line":334,"column":null}},"36":{"start":{"line":335,"column":0},"end":{"line":335,"column":null}},"37":{"start":{"line":336,"column":0},"end":{"line":336,"column":null}},"38":{"start":{"line":337,"column":0},"end":{"line":337,"column":null}},"39":{"start":{"line":338,"column":0},"end":{"line":338,"column":null}},"40":{"start":{"line":339,"column":0},"end":{"line":341,"column":null}},"41":{"start":{"line":340,"column":0},"end":{"line":340,"column":null}},"42":{"start":{"line":342,"column":0},"end":{"line":342,"column":null}},"43":{"start":{"line":343,"column":0},"end":{"line":343,"column":null}},"44":{"start":{"line":344,"column":0},"end":{"line":344,"column":null}},"45":{"start":{"line":345,"column":0},"end":{"line":345,"column":null}},"46":{"start":{"line":346,"column":0},"end":{"line":346,"column":null}},"47":{"start":{"line":347,"column":0},"end":{"line":347,"column":null}},"48":{"start":{"line":348,"column":0},"end":{"line":348,"column":null}},"49":{"start":{"line":349,"column":0},"end":{"line":349,"column":null}},"50":{"start":{"line":350,"column":0},"end":{"line":350,"column":null}},"51":{"start":{"line":354,"column":0},"end":{"line":354,"column":null}},"52":{"start":{"line":355,"column":0},"end":{"line":355,"column":null}},"53":{"start":{"line":356,"column":0},"end":{"line":356,"column":null}},"54":{"start":{"line":360,"column":0},"end":{"line":360,"column":null}},"55":{"start":{"line":361,"column":0},"end":{"line":361,"column":null}},"56":{"start":{"line":362,"column":0},"end":{"line":362,"column":null}},"57":{"start":{"line":365,"column":0},"end":{"line":365,"column":null}},"58":{"start":{"line":371,"column":0},"end":{"line":371,"column":null}},"59":{"start":{"line":372,"column":0},"end":{"line":372,"column":null}},"60":{"start":{"line":373,"column":0},"end":{"line":373,"column":null}},"61":{"start":{"line":376,"column":0},"end":{"line":376,"column":null}},"62":{"start":{"line":384,"column":0},"end":{"line":390,"column":null}},"63":{"start":{"line":385,"column":0},"end":{"line":385,"column":null}},"64":{"start":{"line":386,"column":0},"end":{"line":388,"column":null}},"65":{"start":{"line":387,"column":0},"end":{"line":387,"column":null}},"66":{"start":{"line":389,"column":0},"end":{"line":389,"column":null}},"67":{"start":{"line":393,"column":0},"end":{"line":393,"column":null}},"68":{"start":{"line":394,"column":0},"end":{"line":394,"column":null}},"69":{"start":{"line":399,"column":0},"end":{"line":399,"column":null}},"70":{"start":{"line":405,"column":0},"end":{"line":405,"column":null}},"71":{"start":{"line":406,"column":0},"end":{"line":406,"column":null}},"72":{"start":{"line":408,"column":0},"end":{"line":411,"column":null}},"73":{"start":{"line":409,"column":0},"end":{"line":409,"column":null}},"74":{"start":{"line":410,"column":0},"end":{"line":410,"column":null}},"75":{"start":{"line":413,"column":0},"end":{"line":424,"column":null}},"76":{"start":{"line":414,"column":0},"end":{"line":414,"column":null}},"77":{"start":{"line":419,"column":0},"end":{"line":419,"column":null}},"78":{"start":{"line":420,"column":0},"end":{"line":420,"column":null}},"79":{"start":{"line":423,"column":0},"end":{"line":423,"column":null}}},"fnMap":{"0":{"name":"(anonymous_1)","decl":{"start":{"line":248,"column":0},"end":{"line":248,"column":null}},"loc":{"start":{"line":248,"column":0},"end":{"line":268,"column":null}}},"1":{"name":"(anonymous_2)","decl":{"start":{"line":270,"column":0},"end":{"line":270,"column":null}},"loc":{"start":{"line":270,"column":0},"end":{"line":272,"column":null}}},"2":{"name":"(anonymous_3)","decl":{"start":{"line":273,"column":0},"end":{"line":273,"column":null}},"loc":{"start":{"line":273,"column":0},"end":{"line":275,"column":null}}},"3":{"name":"(anonymous_4)","decl":{"start":{"line":276,"column":0},"end":{"line":276,"column":null}},"loc":{"start":{"line":276,"column":0},"end":{"line":278,"column":null}}},"4":{"name":"(anonymous_5)","decl":{"start":{"line":279,"column":0},"end":{"line":279,"column":null}},"loc":{"start":{"line":279,"column":0},"end":{"line":281,"column":null}}},"5":{"name":"(anonymous_6)","decl":{"start":{"line":282,"column":0},"end":{"line":282,"column":null}},"loc":{"start":{"line":282,"column":0},"end":{"line":284,"column":null}}},"6":{"name":"(anonymous_7)","decl":{"start":{"line":285,"column":0},"end":{"line":285,"column":null}},"loc":{"start":{"line":285,"column":0},"end":{"line":287,"column":null}}},"7":{"name":"(anonymous_8)","decl":{"start":{"line":288,"column":0},"end":{"line":288,"column":null}},"loc":{"start":{"line":288,"column":0},"end":{"line":290,"column":null}}},"8":{"name":"(anonymous_9)","decl":{"start":{"line":289,"column":0},"end":{"line":289,"column":null}},"loc":{"start":{"line":289,"column":0},"end":{"line":289,"column":null}}},"9":{"name":"(anonymous_10)","decl":{"start":{"line":291,"column":0},"end":{"line":291,"column":null}},"loc":{"start":{"line":291,"column":0},"end":{"line":293,"column":null}}},"10":{"name":"(anonymous_11)","decl":{"start":{"line":292,"column":0},"end":{"line":292,"column":null}},"loc":{"start":{"line":292,"column":0},"end":{"line":292,"column":null}}},"11":{"name":"(anonymous_12)","decl":{"start":{"line":294,"column":0},"end":{"line":294,"column":null}},"loc":{"start":{"line":294,"column":0},"end":{"line":306,"column":null}}},"12":{"name":"(anonymous_13)","decl":{"start":{"line":307,"column":0},"end":{"line":307,"column":null}},"loc":{"start":{"line":307,"column":0},"end":{"line":309,"column":null}}},"13":{"name":"(anonymous_14)","decl":{"start":{"line":308,"column":0},"end":{"line":308,"column":null}},"loc":{"start":{"line":308,"column":0},"end":{"line":308,"column":null}}},"14":{"name":"(anonymous_15)","decl":{"start":{"line":310,"column":0},"end":{"line":310,"column":null}},"loc":{"start":{"line":310,"column":0},"end":{"line":312,"column":null}}},"15":{"name":"(anonymous_16)","decl":{"start":{"line":311,"column":0},"end":{"line":311,"column":null}},"loc":{"start":{"line":311,"column":0},"end":{"line":311,"column":null}}},"16":{"name":"(anonymous_17)","decl":{"start":{"line":313,"column":0},"end":{"line":313,"column":null}},"loc":{"start":{"line":313,"column":0},"end":{"line":326,"column":null}}},"17":{"name":"(anonymous_18)","decl":{"start":{"line":316,"column":0},"end":{"line":316,"column":null}},"loc":{"start":{"line":316,"column":0},"end":{"line":321,"column":null}}},"18":{"name":"(anonymous_19)","decl":{"start":{"line":328,"column":0},"end":{"line":328,"column":null}},"loc":{"start":{"line":328,"column":0},"end":{"line":352,"column":null}}},"19":{"name":"(anonymous_20)","decl":{"start":{"line":332,"column":0},"end":{"line":332,"column":null}},"loc":{"start":{"line":332,"column":0},"end":{"line":351,"column":null}}},"20":{"name":"(anonymous_21)","decl":{"start":{"line":338,"column":0},"end":{"line":338,"column":null}},"loc":{"start":{"line":338,"column":0},"end":{"line":338,"column":null}}},"21":{"name":"(anonymous_22)","decl":{"start":{"line":340,"column":0},"end":{"line":340,"column":null}},"loc":{"start":{"line":340,"column":0},"end":{"line":340,"column":null}}},"22":{"name":"(anonymous_23)","decl":{"start":{"line":344,"column":0},"end":{"line":344,"column":null}},"loc":{"start":{"line":344,"column":0},"end":{"line":344,"column":null}}},"23":{"name":"(anonymous_24)","decl":{"start":{"line":349,"column":0},"end":{"line":349,"column":null}},"loc":{"start":{"line":349,"column":0},"end":{"line":349,"column":null}}},"24":{"name":"(anonymous_25)","decl":{"start":{"line":353,"column":0},"end":{"line":353,"column":null}},"loc":{"start":{"line":353,"column":0},"end":{"line":357,"column":null}}},"25":{"name":"(anonymous_26)","decl":{"start":{"line":359,"column":0},"end":{"line":359,"column":null}},"loc":{"start":{"line":359,"column":0},"end":{"line":363,"column":null}}},"26":{"name":"(anonymous_27)","decl":{"start":{"line":364,"column":0},"end":{"line":364,"column":null}},"loc":{"start":{"line":364,"column":0},"end":{"line":374,"column":null}}},"27":{"name":"(anonymous_28)","decl":{"start":{"line":375,"column":0},"end":{"line":375,"column":null}},"loc":{"start":{"line":375,"column":0},"end":{"line":377,"column":null}}},"28":{"name":"(anonymous_29)","decl":{"start":{"line":383,"column":0},"end":{"line":383,"column":null}},"loc":{"start":{"line":383,"column":0},"end":{"line":391,"column":null}}},"29":{"name":"(anonymous_30)","decl":{"start":{"line":384,"column":0},"end":{"line":384,"column":null}},"loc":{"start":{"line":384,"column":0},"end":{"line":390,"column":null}}},"30":{"name":"(anonymous_31)","decl":{"start":{"line":392,"column":0},"end":{"line":392,"column":null}},"loc":{"start":{"line":392,"column":0},"end":{"line":425,"column":null}}}},"branchMap":{"0":{"loc":{"start":{"line":295,"column":0},"end":{"line":297,"column":null}},"type":"if","locations":[{"start":{"line":295,"column":0},"end":{"line":297,"column":null}},{"start":{"line":295,"column":0},"end":{"line":297,"column":null}}]},"1":{"loc":{"start":{"line":299,"column":0},"end":{"line":305,"column":null}},"type":"if","locations":[{"start":{"line":299,"column":0},"end":{"line":305,"column":null}},{"start":{"line":299,"column":0},"end":{"line":305,"column":null}}]},"2":{"loc":{"start":{"line":301,"column":0},"end":{"line":305,"column":null}},"type":"if","locations":[{"start":{"line":301,"column":0},"end":{"line":305,"column":null}},{"start":{"line":301,"column":0},"end":{"line":305,"column":null}}]},"3":{"loc":{"start":{"line":320,"column":0},"end":{"line":320,"column":null}},"type":"cond-expr","locations":[{"start":{"line":320,"column":0},"end":{"line":320,"column":null}},{"start":{"line":320,"column":0},"end":{"line":320,"column":null}}]},"4":{"loc":{"start":{"line":331,"column":0},"end":{"line":331,"column":null}},"type":"if","locations":[{"start":{"line":331,"column":0},"end":{"line":331,"column":null}},{"start":{"line":331,"column":0},"end":{"line":331,"column":null}}]},"5":{"loc":{"start":{"line":339,"column":0},"end":{"line":341,"column":null}},"type":"if","locations":[{"start":{"line":339,"column":0},"end":{"line":341,"column":null}},{"start":{"line":339,"column":0},"end":{"line":341,"column":null}}]},"6":{"loc":{"start":{"line":386,"column":0},"end":{"line":388,"column":null}},"type":"if","locations":[{"start":{"line":386,"column":0},"end":{"line":388,"column":null}},{"start":{"line":386,"column":0},"end":{"line":388,"column":null}}]},"7":{"loc":{"start":{"line":408,"column":0},"end":{"line":411,"column":null}},"type":"if","locations":[{"start":{"line":408,"column":0},"end":{"line":411,"column":null}},{"start":{"line":408,"column":0},"end":{"line":411,"column":null}}]}},"s":{"0":0,"1":0,"2":0,"3":0,"4":0,"5":0,"6":0,"7":0,"8":0,"9":0,"10":0,"11":0,"12":0,"13":0,"14":0,"15":0,"16":0,"17":0,"18":0,"19":0,"20":0,"21":0,"22":0,"23":0,"24":0,"25":0,"26":0,"27":0,"28":0,"29":0,"30":0,"31":0,"32":0,"33":0,"34":0,"35":0,"36":0,"37":0,"38":0,"39":0,"40":0,"41":0,"42":0,"43":0,"44":0,"45":0,"46":0,"47":0,"48":0,"49":0,"50":0,"51":0,"52":0,"53":0,"54":0,"55":0,"56":0,"57":0,"58":0,"59":0,"60":0,"61":0,"62":0,"63":0,"64":0,"65":0,"66":0,"67":0,"68":0,"69":0,"70":0,"71":0,"72":0,"73":0,"74":0,"75":0,"76":0,"77":0,"78":0,"79":0},"f":{"0":0,"1":0,"2":0,"3":0,"4":0,"5":0,"6":0,"7":0,"8":0,"9":0,"10":0,"11":0,"12":0,"13":0,"14":0,"15":0,"16":0,"17":0,"18":0,"19":0,"20":0,"21":0,"22":0,"23":0,"24":0,"25":0,"26":0,"27":0,"28":0,"29":0,"30":0},"b":{"0":[0,0],"1":[0,0],"2":[0,0],"3":[0,0],"4":[0,0],"5":[0,0],"6":[0,0],"7":[0,0]}}
,"C:\\Proyectos\\shaffiro-front\\src\\router\\views\\reglas\\Reglas.vue": {"path":"C:\\Proyectos\\shaffiro-front\\src\\router\\views\\reglas\\Reglas.vue","statementMap":{"0":{"start":{"line":48,"column":0},"end":{"line":48,"column":null}},"1":{"start":{"line":49,"column":0},"end":{"line":49,"column":null}},"2":{"start":{"line":50,"column":0},"end":{"line":50,"column":null}},"3":{"start":{"line":57,"column":0},"end":{"line":57,"column":null}},"4":{"start":{"line":66,"column":0},"end":{"line":66,"column":null}},"5":{"start":{"line":69,"column":0},"end":{"line":69,"column":null}},"6":{"start":{"line":72,"column":0},"end":{"line":72,"column":null}},"7":{"start":{"line":75,"column":0},"end":{"line":75,"column":null}},"8":{"start":{"line":78,"column":0},"end":{"line":78,"column":null}},"9":{"start":{"line":82,"column":0},"end":{"line":82,"column":null}},"10":{"start":{"line":89,"column":0},"end":{"line":89,"column":null}},"11":{"start":{"line":90,"column":0},"end":{"line":90,"column":null}},"12":{"start":{"line":93,"column":0},"end":{"line":93,"column":null}},"13":{"start":{"line":96,"column":0},"end":{"line":96,"column":null}},"14":{"start":{"line":97,"column":0},"end":{"line":97,"column":null}}},"fnMap":{"0":{"name":"(anonymous_1)","decl":{"start":{"line":56,"column":0},"end":{"line":56,"column":null}},"loc":{"start":{"line":56,"column":0},"end":{"line":63,"column":null}}},"1":{"name":"(anonymous_2)","decl":{"start":{"line":65,"column":0},"end":{"line":65,"column":null}},"loc":{"start":{"line":65,"column":0},"end":{"line":67,"column":null}}},"2":{"name":"(anonymous_3)","decl":{"start":{"line":68,"column":0},"end":{"line":68,"column":null}},"loc":{"start":{"line":68,"column":0},"end":{"line":70,"column":null}}},"3":{"name":"(anonymous_4)","decl":{"start":{"line":71,"column":0},"end":{"line":71,"column":null}},"loc":{"start":{"line":71,"column":0},"end":{"line":73,"column":null}}},"4":{"name":"(anonymous_5)","decl":{"start":{"line":74,"column":0},"end":{"line":74,"column":null}},"loc":{"start":{"line":74,"column":0},"end":{"line":76,"column":null}}},"5":{"name":"(anonymous_6)","decl":{"start":{"line":77,"column":0},"end":{"line":77,"column":null}},"loc":{"start":{"line":77,"column":0},"end":{"line":79,"column":null}}},"6":{"name":"(anonymous_7)","decl":{"start":{"line":81,"column":0},"end":{"line":81,"column":null}},"loc":{"start":{"line":81,"column":0},"end":{"line":83,"column":null}}},"7":{"name":"(anonymous_8)","decl":{"start":{"line":88,"column":0},"end":{"line":88,"column":null}},"loc":{"start":{"line":88,"column":0},"end":{"line":91,"column":null}}},"8":{"name":"(anonymous_9)","decl":{"start":{"line":92,"column":0},"end":{"line":92,"column":null}},"loc":{"start":{"line":92,"column":0},"end":{"line":94,"column":null}}},"9":{"name":"(anonymous_10)","decl":{"start":{"line":95,"column":0},"end":{"line":95,"column":null}},"loc":{"start":{"line":95,"column":0},"end":{"line":98,"column":null}}}},"branchMap":{},"s":{"0":1,"1":1,"2":1,"3":6,"4":2,"5":1,"6":1,"7":0,"8":0,"9":6,"10":3,"11":3,"12":1,"13":1,"14":1},"f":{"0":6,"1":2,"2":1,"3":1,"4":0,"5":0,"6":6,"7":3,"8":1,"9":1},"b":{}}
,"C:\\Proyectos\\shaffiro-front\\src\\router\\views\\usuarios\\ListarUsuarios.vue": {"path":"C:\\Proyectos\\shaffiro-front\\src\\router\\views\\usuarios\\ListarUsuarios.vue","statementMap":{"0":{"start":{"line":57,"column":0},"end":{"line":57,"column":null}},"1":{"start":{"line":58,"column":0},"end":{"line":58,"column":null}},"2":{"start":{"line":59,"column":0},"end":{"line":59,"column":null}},"3":{"start":{"line":66,"column":0},"end":{"line":66,"column":null}},"4":{"start":{"line":76,"column":0},"end":{"line":76,"column":null}},"5":{"start":{"line":78,"column":0},"end":{"line":78,"column":null}},"6":{"start":{"line":87,"column":0},"end":{"line":98,"column":null}},"7":{"start":{"line":88,"column":0},"end":{"line":95,"column":null}},"8":{"start":{"line":88,"column":0},"end":{"line":88,"column":null}},"9":{"start":{"line":91,"column":0},"end":{"line":91,"column":null}},"10":{"start":{"line":97,"column":0},"end":{"line":97,"column":null}},"11":{"start":{"line":101,"column":0},"end":{"line":101,"column":null}},"12":{"start":{"line":104,"column":0},"end":{"line":106,"column":null}},"13":{"start":{"line":105,"column":0},"end":{"line":105,"column":null}},"14":{"start":{"line":108,"column":0},"end":{"line":110,"column":null}},"15":{"start":{"line":109,"column":0},"end":{"line":109,"column":null}},"16":{"start":{"line":112,"column":0},"end":{"line":112,"column":null}},"17":{"start":{"line":115,"column":0},"end":{"line":115,"column":null}},"18":{"start":{"line":119,"column":0},"end":{"line":119,"column":null}},"19":{"start":{"line":123,"column":0},"end":{"line":123,"column":null}},"20":{"start":{"line":126,"column":0},"end":{"line":126,"column":null}},"21":{"start":{"line":127,"column":0},"end":{"line":127,"column":null}},"22":{"start":{"line":130,"column":0},"end":{"line":130,"column":null}},"23":{"start":{"line":132,"column":0},"end":{"line":137,"column":null}},"24":{"start":{"line":133,"column":0},"end":{"line":133,"column":null}},"25":{"start":{"line":136,"column":0},"end":{"line":136,"column":null}}},"fnMap":{"0":{"name":"(anonymous_1)","decl":{"start":{"line":65,"column":0},"end":{"line":65,"column":null}},"loc":{"start":{"line":65,"column":0},"end":{"line":73,"column":null}}},"1":{"name":"(anonymous_2)","decl":{"start":{"line":75,"column":0},"end":{"line":75,"column":null}},"loc":{"start":{"line":75,"column":0},"end":{"line":85,"column":null}}},"2":{"name":"(anonymous_3)","decl":{"start":{"line":78,"column":0},"end":{"line":78,"column":null}},"loc":{"start":{"line":78,"column":0},"end":{"line":78,"column":null}}},"3":{"name":"(anonymous_4)","decl":{"start":{"line":86,"column":0},"end":{"line":86,"column":null}},"loc":{"start":{"line":86,"column":0},"end":{"line":113,"column":null}}},"4":{"name":"(anonymous_5)","decl":{"start":{"line":87,"column":0},"end":{"line":87,"column":null}},"loc":{"start":{"line":87,"column":0},"end":{"line":98,"column":null}}},"5":{"name":"(anonymous_6)","decl":{"start":{"line":88,"column":0},"end":{"line":88,"column":null}},"loc":{"start":{"line":88,"column":0},"end":{"line":88,"column":null}}},"6":{"name":"(anonymous_8)","decl":{"start":{"line":101,"column":0},"end":{"line":101,"column":null}},"loc":{"start":{"line":101,"column":0},"end":{"line":101,"column":null}}},"7":{"name":"(anonymous_9)","decl":{"start":{"line":104,"column":0},"end":{"line":104,"column":null}},"loc":{"start":{"line":104,"column":0},"end":{"line":106,"column":null}}},"8":{"name":"(anonymous_10)","decl":{"start":{"line":105,"column":0},"end":{"line":105,"column":null}},"loc":{"start":{"line":105,"column":0},"end":{"line":105,"column":null}}},"9":{"name":"(anonymous_11)","decl":{"start":{"line":108,"column":0},"end":{"line":108,"column":null}},"loc":{"start":{"line":108,"column":0},"end":{"line":110,"column":null}}},"10":{"name":"(anonymous_12)","decl":{"start":{"line":114,"column":0},"end":{"line":114,"column":null}},"loc":{"start":{"line":114,"column":0},"end":{"line":116,"column":null}}},"11":{"name":"(anonymous_13)","decl":{"start":{"line":118,"column":0},"end":{"line":118,"column":null}},"loc":{"start":{"line":118,"column":0},"end":{"line":120,"column":null}}},"12":{"name":"(anonymous_14)","decl":{"start":{"line":122,"column":0},"end":{"line":122,"column":null}},"loc":{"start":{"line":122,"column":0},"end":{"line":124,"column":null}}},"13":{"name":"(anonymous_15)","decl":{"start":{"line":125,"column":0},"end":{"line":125,"column":null}},"loc":{"start":{"line":125,"column":0},"end":{"line":128,"column":null}}},"14":{"name":"(anonymous_16)","decl":{"start":{"line":129,"column":0},"end":{"line":129,"column":null}},"loc":{"start":{"line":129,"column":0},"end":{"line":138,"column":null}}}},"branchMap":{"0":{"loc":{"start":{"line":101,"column":0},"end":{"line":101,"column":null}},"type":"cond-expr","locations":[{"start":{"line":101,"column":0},"end":{"line":101,"column":null}},{"start":{"line":101,"column":0},"end":{"line":101,"column":null}}]}},"s":{"0":1,"1":1,"2":1,"3":3,"4":3,"5":9,"6":3,"7":6,"8":30,"9":12,"10":6,"11":9,"12":3,"13":15,"14":3,"15":6,"16":3,"17":3,"18":3,"19":1,"20":1,"21":1,"22":1,"23":1,"24":1,"25":0},"f":{"0":3,"1":3,"2":6,"3":3,"4":6,"5":42,"6":6,"7":6,"8":9,"9":6,"10":3,"11":3,"12":1,"13":1,"14":1},"b":{"0":[6,0]}}
,"C:\\Proyectos\\shaffiro-front\\src\\router\\views\\usuarios\\UsuarioForm.vue": {"path":"C:\\Proyectos\\shaffiro-front\\src\\router\\views\\usuarios\\UsuarioForm.vue","statementMap":{"0":{"start":{"line":104,"column":0},"end":{"line":104,"column":null}},"1":{"start":{"line":105,"column":0},"end":{"line":105,"column":null}},"2":{"start":{"line":106,"column":0},"end":{"line":106,"column":null}},"3":{"start":{"line":107,"column":0},"end":{"line":107,"column":null}},"4":{"start":{"line":108,"column":0},"end":{"line":108,"column":null}},"5":{"start":{"line":113,"column":0},"end":{"line":113,"column":null}},"6":{"start":{"line":114,"column":0},"end":{"line":123,"column":null}},"7":{"start":{"line":115,"column":0},"end":{"line":115,"column":null}},"8":{"start":{"line":116,"column":0},"end":{"line":116,"column":null}},"9":{"start":{"line":117,"column":0},"end":{"line":117,"column":null}},"10":{"start":{"line":118,"column":0},"end":{"line":118,"column":null}},"11":{"start":{"line":119,"column":0},"end":{"line":119,"column":null}},"12":{"start":{"line":120,"column":0},"end":{"line":120,"column":null}},"13":{"start":{"line":121,"column":0},"end":{"line":121,"column":null}},"14":{"start":{"line":122,"column":0},"end":{"line":122,"column":null}},"15":{"start":{"line":126,"column":0},"end":{"line":126,"column":null}},"16":{"start":{"line":127,"column":0},"end":{"line":127,"column":null}},"17":{"start":{"line":130,"column":0},"end":{"line":130,"column":null}},"18":{"start":{"line":148,"column":0},"end":{"line":148,"column":null}},"19":{"start":{"line":153,"column":0},"end":{"line":153,"column":null}},"20":{"start":{"line":154,"column":0},"end":{"line":154,"column":null}},"21":{"start":{"line":155,"column":0},"end":{"line":155,"column":null}},"22":{"start":{"line":157,"column":0},"end":{"line":157,"column":null}},"23":{"start":{"line":163,"column":0},"end":{"line":163,"column":null}},"24":{"start":{"line":164,"column":0},"end":{"line":164,"column":null}},"25":{"start":{"line":166,"column":0},"end":{"line":170,"column":null}},"26":{"start":{"line":167,"column":0},"end":{"line":167,"column":null}},"27":{"start":{"line":168,"column":0},"end":{"line":168,"column":null}},"28":{"start":{"line":169,"column":0},"end":{"line":169,"column":null}},"29":{"start":{"line":172,"column":0},"end":{"line":190,"column":null}},"30":{"start":{"line":173,"column":0},"end":{"line":173,"column":null}},"31":{"start":{"line":178,"column":0},"end":{"line":178,"column":null}},"32":{"start":{"line":180,"column":0},"end":{"line":189,"column":null}},"33":{"start":{"line":181,"column":0},"end":{"line":181,"column":null}},"34":{"start":{"line":182,"column":0},"end":{"line":186,"column":null}},"35":{"start":{"line":183,"column":0},"end":{"line":183,"column":null}},"36":{"start":{"line":184,"column":0},"end":{"line":186,"column":null}},"37":{"start":{"line":185,"column":0},"end":{"line":185,"column":null}},"38":{"start":{"line":188,"column":0},"end":{"line":188,"column":null}},"39":{"start":{"line":201,"column":0},"end":{"line":201,"column":null}}},"fnMap":{"0":{"name":"(anonymous_1)","decl":{"start":{"line":112,"column":0},"end":{"line":112,"column":null}},"loc":{"start":{"line":112,"column":0},"end":{"line":124,"column":null}}},"1":{"name":"(anonymous_2)","decl":{"start":{"line":114,"column":0},"end":{"line":114,"column":null}},"loc":{"start":{"line":114,"column":0},"end":{"line":123,"column":null}}},"2":{"name":"(anonymous_3)","decl":{"start":{"line":125,"column":0},"end":{"line":125,"column":null}},"loc":{"start":{"line":125,"column":0},"end":{"line":128,"column":null}}},"3":{"name":"(anonymous_4)","decl":{"start":{"line":129,"column":0},"end":{"line":129,"column":null}},"loc":{"start":{"line":129,"column":0},"end":{"line":145,"column":null}}},"4":{"name":"(anonymous_5)","decl":{"start":{"line":147,"column":0},"end":{"line":147,"column":null}},"loc":{"start":{"line":147,"column":0},"end":{"line":149,"column":null}}},"5":{"name":"(anonymous_6)","decl":{"start":{"line":148,"column":0},"end":{"line":148,"column":null}},"loc":{"start":{"line":148,"column":0},"end":{"line":148,"column":null}}},"6":{"name":"(anonymous_7)","decl":{"start":{"line":152,"column":0},"end":{"line":152,"column":null}},"loc":{"start":{"line":152,"column":0},"end":{"line":191,"column":null}}},"7":{"name":"(anonymous_8)","decl":{"start":{"line":200,"column":0},"end":{"line":200,"column":null}},"loc":{"start":{"line":200,"column":0},"end":{"line":202,"column":null}}}},"branchMap":{"0":{"loc":{"start":{"line":113,"column":0},"end":{"line":113,"column":null}},"type":"if","locations":[{"start":{"line":113,"column":0},"end":{"line":113,"column":null}},{"start":{"line":113,"column":0},"end":{"line":113,"column":null}}]},"1":{"loc":{"start":{"line":166,"column":0},"end":{"line":170,"column":null}},"type":"if","locations":[{"start":{"line":166,"column":0},"end":{"line":170,"column":null}},{"start":{"line":166,"column":0},"end":{"line":170,"column":null}}]},"2":{"loc":{"start":{"line":180,"column":0},"end":{"line":189,"column":null}},"type":"if","locations":[{"start":{"line":180,"column":0},"end":{"line":189,"column":null}},{"start":{"line":180,"column":0},"end":{"line":189,"column":null}}]},"3":{"loc":{"start":{"line":180,"column":0},"end":{"line":180,"column":null}},"type":"binary-expr","locations":[{"start":{"line":180,"column":0},"end":{"line":180,"column":null}},{"start":{"line":180,"column":0},"end":{"line":180,"column":null}}]},"4":{"loc":{"start":{"line":182,"column":0},"end":{"line":186,"column":null}},"type":"if","locations":[{"start":{"line":182,"column":0},"end":{"line":186,"column":null}},{"start":{"line":182,"column":0},"end":{"line":186,"column":null}}]},"5":{"loc":{"start":{"line":184,"column":0},"end":{"line":186,"column":null}},"type":"if","locations":[{"start":{"line":184,"column":0},"end":{"line":186,"column":null}},{"start":{"line":184,"column":0},"end":{"line":186,"column":null}}]}},"s":{"0":1,"1":1,"2":1,"3":1,"4":1,"5":3,"6":1,"7":1,"8":1,"9":1,"10":1,"11":1,"12":1,"13":1,"14":1,"15":1,"16":1,"17":8,"18":24,"19":4,"20":4,"21":4,"22":4,"23":4,"24":4,"25":4,"26":0,"27":0,"28":0,"29":4,"30":4,"31":1,"32":3,"33":2,"34":2,"35":1,"36":1,"37":1,"38":1,"39":1},"f":{"0":2,"1":1,"2":1,"3":8,"4":8,"5":16,"6":4,"7":1},"b":{"0":[1,1],"1":[0,4],"2":[2,1],"3":[3,2],"4":[1,1],"5":[1,0]}}
,"C:\\Proyectos\\shaffiro-front\\src\\store\\helpers.js": {"data":{"path":"C:\\Proyectos\\shaffiro-front\\src\\store\\helpers.js","statementMap":{"0":{"start":{"line":3,"column":2},"end":{"line":3,"column":53}},"1":{"start":{"line":8,"column":2},"end":{"line":8,"column":57}}},"fnMap":{"0":{"name":"getSavedState","decl":{"start":{"line":2,"column":16},"end":{"line":2,"column":29}},"loc":{"start":{"line":2,"column":36},"end":{"line":4,"column":1}},"line":2},"1":{"name":"saveState","decl":{"start":{"line":7,"column":16},"end":{"line":7,"column":25}},"loc":{"start":{"line":7,"column":39},"end":{"line":9,"column":1}},"line":7}},"branchMap":{},"s":{"0":6,"1":31},"f":{"0":6,"1":31},"b":{},"_coverageSchema":"43e27e138ebf9cfc5966b082cf9a028302ed4184","hash":"00d8fd1d35c1d6878ac99f3143d1e5bf77bee058"}}
,"C:\\Proyectos\\shaffiro-front\\src\\store\\store.js": {"data":{"path":"C:\\Proyectos\\shaffiro-front\\src\\store\\store.js","statementMap":{"0":{"start":{"line":9,"column":0},"end":{"line":9,"column":13}},"1":{"start":{"line":11,"column":14},"end":{"line":20,"column":2}}},"fnMap":{},"branchMap":{},"s":{"0":0,"1":0},"f":{},"b":{},"hash":"288017de70826aa48084caffdfa14575e4962e5d"}}
,"C:\\Proyectos\\shaffiro-front\\src\\store\\modules\\auth.js": {"data":{"path":"C:\\Proyectos\\shaffiro-front\\src\\store\\modules\\auth.js","statementMap":{"0":{"start":{"line":6,"column":2},"end":{"line":8,"column":8}},"1":{"start":{"line":11,"column":18},"end":{"line":24,"column":1}},"2":{"start":{"line":13,"column":4},"end":{"line":13,"column":32}},"3":{"start":{"line":14,"column":4},"end":{"line":14,"column":43}},"4":{"start":{"line":15,"column":4},"end":{"line":15,"column":32}},"5":{"start":{"line":18,"column":4},"end":{"line":18,"column":33}},"6":{"start":{"line":19,"column":4},"end":{"line":19,"column":44}},"7":{"start":{"line":22,"column":4},"end":{"line":22,"column":35}},"8":{"start":{"line":26,"column":16},"end":{"line":40,"column":1}},"9":{"start":{"line":28,"column":4},"end":{"line":28,"column":59}},"10":{"start":{"line":32,"column":4},"end":{"line":32,"column":89}},"11":{"start":{"line":35,"column":4},"end":{"line":35,"column":31}},"12":{"start":{"line":38,"column":4},"end":{"line":38,"column":32}},"13":{"start":{"line":42,"column":16},"end":{"line":114,"column":1}},"14":{"start":{"line":44,"column":4},"end":{"line":53,"column":5}},"15":{"start":{"line":45,"column":6},"end":{"line":45,"column":45}},"16":{"start":{"line":46,"column":6},"end":{"line":46,"column":46}},"17":{"start":{"line":48,"column":6},"end":{"line":52,"column":7}},"18":{"start":{"line":49,"column":8},"end":{"line":49,"column":53}},"19":{"start":{"line":51,"column":8},"end":{"line":51,"column":76}},"20":{"start":{"line":57,"column":4},"end":{"line":57,"column":56}},"21":{"start":{"line":57,"column":28},"end":{"line":57,"column":56}},"22":{"start":{"line":60,"column":4},"end":{"line":60,"column":32}},"23":{"start":{"line":62,"column":4},"end":{"line":82,"column":8}},"24":{"start":{"line":69,"column":25},"end":{"line":69,"column":43}},"25":{"start":{"line":70,"column":28},"end":{"line":70,"column":59}},"26":{"start":{"line":71,"column":22},"end":{"line":71,"column":45}},"27":{"start":{"line":72,"column":8},"end":{"line":72,"column":66}},"28":{"start":{"line":73,"column":8},"end":{"line":73,"column":42}},"29":{"start":{"line":74,"column":8},"end":{"line":74,"column":20}},"30":{"start":{"line":78,"column":8},"end":{"line":78,"column":27}},"31":{"start":{"line":79,"column":8},"end":{"line":79,"column":38}},"32":{"start":{"line":80,"column":8},"end":{"line":80,"column":41}},"33":{"start":{"line":81,"column":8},"end":{"line":81,"column":19}},"34":{"start":{"line":85,"column":4},"end":{"line":108,"column":5}},"35":{"start":{"line":87,"column":27},"end":{"line":87,"column":88}},"36":{"start":{"line":88,"column":20},"end":{"line":88,"column":46}},"37":{"start":{"line":90,"column":26},"end":{"line":92,"column":8}},"38":{"start":{"line":93,"column":26},"end":{"line":93,"column":54}},"39":{"start":{"line":94,"column":6},"end":{"line":94,"column":64}},"40":{"start":{"line":95,"column":6},"end":{"line":95,"column":40}},"41":{"start":{"line":97,"column":6},"end":{"line":107,"column":7}},"42":{"start":{"line":98,"column":8},"end":{"line":98,"column":70}},"43":{"start":{"line":99,"column":13},"end":{"line":107,"column":7}},"44":{"start":{"line":100,"column":8},"end":{"line":104,"column":9}},"45":{"start":{"line":101,"column":10},"end":{"line":101,"column":72}},"46":{"start":{"line":103,"column":10},"end":{"line":103,"column":169}},"47":{"start":{"line":106,"column":8},"end":{"line":106,"column":76}},"48":{"start":{"line":111,"column":4},"end":{"line":111,"column":24}},"49":{"start":{"line":112,"column":4},"end":{"line":112,"column":34}},"50":{"start":{"line":116,"column":14},"end":{"line":120,"column":1}}},"fnMap":{"0":{"name":"setDefaultAuthHeaders","decl":{"start":{"line":5,"column":9},"end":{"line":5,"column":30}},"loc":{"start":{"line":5,"column":43},"end":{"line":9,"column":1}},"line":5},"1":{"name":"(anonymous_1)","decl":{"start":{"line":12,"column":2},"end":{"line":12,"column":3}},"loc":{"start":{"line":12,"column":35},"end":{"line":16,"column":3}},"line":12},"2":{"name":"(anonymous_2)","decl":{"start":{"line":17,"column":2},"end":{"line":17,"column":3}},"loc":{"start":{"line":17,"column":36},"end":{"line":20,"column":3}},"line":17},"3":{"name":"(anonymous_3)","decl":{"start":{"line":21,"column":2},"end":{"line":21,"column":3}},"loc":{"start":{"line":21,"column":38},"end":{"line":23,"column":3}},"line":21},"4":{"name":"(anonymous_4)","decl":{"start":{"line":27,"column":2},"end":{"line":27,"column":3}},"loc":{"start":{"line":27,"column":21},"end":{"line":
[...]
,"C:\\Proyectos\\shaffiro-front\\src\\store\\modules\\index.js": {"data":{"path":"C:\\Proyectos\\shaffiro-front\\src\\store\\modules\\index.js","statementMap":{},"fnMap":{},"branchMap":{},"s":{},"f":{},"b":{},"hash":"f490c24751b2a4c4144dc5dab07669f667c5f154"}}
,"C:\\Proyectos\\shaffiro-front\\src\\store\\modules\\reglas.js": {"data":{"path":"C:\\Proyectos\\shaffiro-front\\src\\store\\modules\\reglas.js","statementMap":{"0":{"start":{"line":4,"column":18},"end":{"line":12,"column":1}},"1":{"start":{"line":6,"column":4},"end":{"line":6,"column":27}},"2":{"start":{"line":9,"column":4},"end":{"line":9,"column":32}},"3":{"start":{"line":10,"column":4},"end":{"line":10,"column":44}},"4":{"start":{"line":14,"column":16},"end":{"line":21,"column":1}},"5":{"start":{"line":16,"column":4},"end":{"line":16,"column":23}},"6":{"start":{"line":19,"column":4},"end":{"line":19,"column":28}},"7":{"start":{"line":23,"column":16},"end":{"line":29,"column":1}},"8":{"start":{"line":25,"column":19},"end":{"line":25,"column":52}},"9":{"start":{"line":26,"column":4},"end":{"line":26,"column":35}},"10":{"start":{"line":27,"column":4},"end":{"line":27,"column":17}},"11":{"start":{"line":31,"column":14},"end":{"line":34,"column":1}}},"fnMap":{"0":{"name":"(anonymous_0)","decl":{"start":{"line":5,"column":2},"end":{"line":5,"column":3}},"loc":{"start":{"line":5,"column":29},"end":{"line":7,"column":3}},"line":5},"1":{"name":"(anonymous_1)","decl":{"start":{"line":8,"column":2},"end":{"line":8,"column":3}},"loc":{"start":{"line":8,"column":35},"end":{"line":11,"column":3}},"line":8},"2":{"name":"(anonymous_2)","decl":{"start":{"line":15,"column":2},"end":{"line":15,"column":3}},"loc":{"start":{"line":15,"column":23},"end":{"line":17,"column":3}},"line":15},"3":{"name":"(anonymous_3)","decl":{"start":{"line":18,"column":2},"end":{"line":18,"column":3}},"loc":{"start":{"line":18,"column":25},"end":{"line":20,"column":3}},"line":18},"4":{"name":"(anonymous_4)","decl":{"start":{"line":24,"column":2},"end":{"line":24,"column":3}},"loc":{"start":{"line":24,"column":34},"end":{"line":28,"column":3}},"line":24}},"branchMap":{},"s":{"0":1,"1":3,"2":2,"3":2,"4":1,"5":1,"6":0,"7":1,"8":1,"9":1,"10":1,"11":1},"f":{"0":3,"1":2,"2":1,"3":0,"4":1},"b":{},"_coverageSchema":"43e27e138ebf9cfc5966b082cf9a028302ed4184","hash":"ae1b0bd8350f2006939f2160d333310ec8dec984"}}
,"C:\\Proyectos\\shaffiro-front\\src\\store\\modules\\usuarios.js": {"data":{"path":"C:\\Proyectos\\shaffiro-front\\src\\store\\modules\\usuarios.js","statementMap":{"0":{"start":{"line":4,"column":18},"end":{"line":16,"column":1}},"1":{"start":{"line":6,"column":4},"end":{"line":6,"column":26}},"2":{"start":{"line":9,"column":4},"end":{"line":9,"column":32}},"3":{"start":{"line":10,"column":4},"end":{"line":10,"column":44}},"4":{"start":{"line":13,"column":18},"end":{"line":13,"column":87}},"5":{"start":{"line":13,"column":51},"end":{"line":13,"column":86}},"6":{"start":{"line":14,"column":4},"end":{"line":14,"column":51}},"7":{"start":{"line":18,"column":16},"end":{"line":25,"column":1}},"8":{"start":{"line":20,"column":4},"end":{"line":20,"column":22}},"9":{"start":{"line":23,"column":4},"end":{"line":23,"column":28}},"10":{"start":{"line":27,"column":16},"end":{"line":43,"column":1}},"11":{"start":{"line":29,"column":18},"end":{"line":29,"column":46}},"12":{"start":{"line":30,"column":4},"end":{"line":30,"column":34}},"13":{"start":{"line":34,"column":17},"end":{"line":34,"column":58}},"14":{"start":{"line":35,"column":4},"end":{"line":35,"column":39}},"15":{"start":{"line":39,"column":22},"end":{"line":39,"column":70}},"16":{"start":{"line":40,"column":4},"end":{"line":40,"column":45}},"17":{"start":{"line":45,"column":14},"end":{"line":48,"column":1}}},"fnMap":{"0":{"name":"(anonymous_0)","decl":{"start":{"line":5,"column":2},"end":{"line":5,"column":3}},"loc":{"start":{"line":5,"column":29},"end":{"line":7,"column":3}},"line":5},"1":{"name":"(anonymous_1)","decl":{"start":{"line":8,"column":2},"end":{"line":8,"column":3}},"loc":{"start":{"line":8,"column":35},"end":{"line":11,"column":3}},"line":8},"2":{"name":"(anonymous_2)","decl":{"start":{"line":12,"column":2},"end":{"line":12,"column":3}},"loc":{"start":{"line":12,"column":45},"end":{"line":15,"column":3}},"line":12},"3":{"name":"(anonymous_3)","decl":{"start":{"line":13,"column":40},"end":{"line":13,"column":41}},"loc":{"start":{"line":13,"column":51},"end":{"line":13,"column":86}},"line":13},"4":{"name":"(anonymous_4)","decl":{"start":{"line":19,"column":2},"end":{"line":19,"column":3}},"loc":{"start":{"line":19,"column":19},"end":{"line":21,"column":3}},"line":19},"5":{"name":"(anonymous_5)","decl":{"start":{"line":22,"column":2},"end":{"line":22,"column":3}},"loc":{"start":{"line":22,"column":18},"end":{"line":24,"column":3}},"line":22},"6":{"name":"(anonymous_6)","decl":{"start":{"line":28,"column":2},"end":{"line":28,"column":3}},"loc":{"start":{"line":28,"column":30},"end":{"line":32,"column":3}},"line":28},"7":{"name":"(anonymous_7)","decl":{"start":{"line":33,"column":2},"end":{"line":33,"column":3}},"loc":{"start":{"line":33,"column":39},"end":{"line":37,"column":3}},"line":33},"8":{"name":"(anonymous_8)","decl":{"start":{"line":38,"column":2},"end":{"line":38,"column":3}},"loc":{"start":{"line":38,"column":56},"end":{"line":42,"column":3}},"line":38}},"branchMap":{},"s":{"0":1,"1":5,"2":4,"3":4,"4":2,"5":2,"6":2,"7":1,"8":1,"9":1,"10":1,"11":1,"12":1,"13":1,"14":1,"15":1,"16":1,"17":1},"f":{"0":5,"1":4,"2":2,"3":2,"4":1,"5":1,"6":1,"7":1,"8":1},"b":{},"_coverageSchema":"43e27e138ebf9cfc5966b082cf9a028302ed4184","hash":"f455686e5ba2f9ccf2c9a48927b96c957f49e4a1"}}
,"C:\\Proyectos\\shaffiro-front\\src\\utils\\reglas.js": {"data":{"path":"C:\\Proyectos\\shaffiro-front\\src\\utils\\reglas.js","statementMap":{"0":{"start":{"line":2,"column":35},"end":{"line":15,"column":1}},"1":{"start":{"line":3,"column":2},"end":{"line":14,"column":3}},"2":{"start":{"line":5,"column":6},"end":{"line":5,"column":22}},"3":{"start":{"line":7,"column":6},"end":{"line":7,"column":22}},"4":{"start":{"line":9,"column":6},"end":{"line":9,"column":30}},"5":{"start":{"line":11,"column":6},"end":{"line":11,"column":30}},"6":{"start":{"line":13,"column":6},"end":{"line":13,"column":15}},"7":{"start":{"line":17,"column":31},"end":{"line":26,"column":1}},"8":{"start":{"line":18,"column":2},"end":{"line":25,"column":3}},"9":{"start":{"line":20,"column":6},"end":{"line":20,"column":32}},"10":{"start":{"line":22,"column":6},"end":{"line":22,"column":25}},"11":{"start":{"line":24,"column":6},"end":{"line":24,"column":15}},"12":{"start":{"line":28,"column":35},"end":{"line":37,"column":1}},"13":{"start":{"line":29,"column":2},"end":{"line":36,"column":3}},"14":{"start":{"line":31,"column":6},"end":{"line":31,"column":16}},"15":{"start":{"line":33,"column":6},"end":{"line":33,"column":16}},"16":{"start":{"line":35,"column":6},"end":{"line":35,"column":15}},"17":{"start":{"line":39,"column":33},"end":{"line":48,"column":1}},"18":{"start":{"line":40,"column":2},"end":{"line":47,"column":3}},"19":{"start":{"line":42,"column":6},"end":{"line":42,"column":23}},"20":{"start":{"line":44,"column":6},"end":{"line":44,"column":21}},"21":{"start":{"line":46,"column":6},"end":{"line":46,"column":15}},"22":{"start":{"line":50,"column":29},"end":{"line":100,"column":1}},"23":{"start":{"line":51,"column":2},"end":{"line":99,"column":4}},"24":{"start":{"line":53,"column":19},"end":{"line":53,"column":29}},"25":{"start":{"line":57,"column":21},"end":{"line":57,"column":45}},"26":{"start":{"line":58,"column":27},"end":{"line":58,"column":74}},"27":{"start":{"line":58,"column":51},"end":{"line":58,"column":73}},"28":{"start":{"line":59,"column":4},"end":{"line":60,"column":46}},"29":{"start":{"line":59,"column":24},"end":{"line":59,"column":60}},"30":{"start":{"line":60,"column":9},"end":{"line":60,"column":46}},"31":{"start":{"line":64,"column":23},"end":{"line":64,"column":48}},"32":{"start":{"line":65,"column":29},"end":{"line":65,"column":84}},"33":{"start":{"line":65,"column":57},"end":{"line":65,"column":83}},"34":{"start":{"line":66,"column":4},"end":{"line":67,"column":50}},"35":{"start":{"line":66,"column":26},"end":{"line":66,"column":66}},"36":{"start":{"line":67,"column":9},"end":{"line":67,"column":50}},"37":{"start":{"line":70,"column":24},"end":{"line":79,"column":6}},"38":{"start":{"line":72,"column":6},"end":{"line":77,"column":7}},"39":{"start":{"line":73,"column":25},"end":{"line":73,"column":58}},"40":{"start":{"line":74,"column":8},"end":{"line":74,"column":107}},"41":{"start":{"line":76,"column":8},"end":{"line":76,"column":60}},"42":{"start":{"line":78,"column":6},"end":{"line":78,"column":16}},"43":{"start":{"line":80,"column":4},"end":{"line":80,"column":29}},"44":{"start":{"line":81,"column":4},"end":{"line":81,"column":32}},"45":{"start":{"line":84,"column":22},"end":{"line":84,"column":98}},"46":{"start":{"line":85,"column":24},"end":{"line":87,"column":29}},"47":{"start":{"line":88,"column":4},"end":{"line":88,"column":33}},"48":{"start":{"line":89,"column":30},"end":{"line":89,"column":51}},"49":{"start":{"line":91,"column":4},"end":{"line":98,"column":5}}},"fnMap":{"0":{"name":"(anonymous_0)","decl":{"start":{"line":2,"column":35},"end":{"line":2,"column":36}},"loc":{"start":{"line":2,"column":49},"end":{"line":15,"column":1}},"line":2},"1":{"name":"(anonymous_1)","decl":{"start":{"line":17,"column":31},"end":{"line":17,"column":32}},"loc":{"start":{"line":17,"column":43},"end":{"line":26,"column":1}},"line":17},"2":{"name":"(anonymous_2)","decl":{"start":{"line":28,"column":35},"end":{"line":28,"column":36}},"loc":{"start":{"line":28,"column":49},"end":{"line":37,"column":1}},"line":28},"3":{"name":"(anonymous_3)","decl":{"start":{"line":39,"column":33},"end":{"line":39,"column":34}},"loc":{"start":{"line":39,"column":45},"end":{"line":48,"column":1}},"line":39},"4":{"name":"(anonymous_4)","decl":{"start":{"line":50,"column":29},"end":{"line":50,"column":30}},"loc":{"start":{"line":50,"column":63},"end":{"line":100,"column":1}},"line":50},"5":{"name":"(anonymous_5)","decl":{"start":{"line":51,"column":20},"end":{"line":51,"column":21}},"loc":{"start":{"line":51,"column":29},"end":{"line":99,"column":3}},"line":51},"6":{"name":"(anonymous_6)","decl":{"start":{"line":58,"column":41},"end":{"line":58,"column":42}},"loc":{"start":{"line":58,"column":51},"end":{"line":58,"column":73}},"line":58},"7":{"name":"(anonymous_7)","decl":{"start":{"line":65,"column":45},"end":{"line":65,"column":46}},"loc":{"start":{"line":65,"column":57},"end":{"line":65,"column":83}},"line":65},"8":{"name":"(anonymous_8)","decl":{"start":{"line":70,"column":46},"end":{"line":70,"column":47}},"loc":{"start":{"line":70,"column":66},"end":{"line":79,"column":5}},"line":70}},"branchMap":{"0":{"loc":{"start":{"line":3,"column":2},"end":{"line":14,"column":3}},"type":"switch","locations":[{"start":{"line":4,"column":4},"end":{"line":5,"column":22}},{"start":{"line":6,"column":4},"end":{"line":7,"column":22}},{"start":{"line":8,"column":4},"end":{"line":9,"column":30}},{"start":{"line":10,"column":4},"end":{"line":11,"column":30}},{"start":{"line":12,"column":4},"end":{"line":13,"column":15}}],"line":3},"1":{"loc":{"start":{"line":18,"column":2},"end":{"line":25,"column":3}},"type":"switch","locations":[{"start":{"line":19,"column":4},"end":{"line":20,"column":32}},{"start":{"line":21,"column":4},"end":{"line":22,"column":25}},{"start":{"line":23,"column":4},"end":{"line":24,"column":15}}],"line":18},"2":{"loc":{"start":{"line":29,"column":2},"end":{"line":36,"column":3}},"type":"switch","locations":[{"start":{"line":30,"column":4},"end":{"line":31,"column":16}},{"start":{"line":32,"column":4},"end":{"line":33,"column":16}},{"start":{"line":34,"column":4},"end":{"line":35,"column":15}}],"line":29},"3":{"loc":{"start":{"line":40,"column":2},"end":{"line":47,"column":3}},"type":"switch","locations":[{"start":{"line":41,"column":4},"end":{"line":42,"column":23}},{"start":{"line":43,"column":4},"end":{"line":44,"column":21}},{"start":{"line":45,"column":4},"end":{"line":46,"column":15}}],"line":40},"4":{"loc":{"start":{"line":59,"column":4},"end":{"line":60,"column":46}},"type":"if","locations":[{"start":{"line":59,"column":4},"end":{"line":60,"column":46}},{"start":{"line":59,"column":4},"end":{"line":60,"column":46}}],"line":59},"5":{"loc":{"start":{"line":66,"column":4},"end":{"line":67,"column":50}},"type":"if","locations":[{"start":{"line":66,"column":4},"end":{"line":67,"column":50}},{"start":{"line":66,"column":4},"end":{"line":67,"column":50}}],"line":66},"6":{"loc":{"start":{"line":72,"column":6},"end":{"line":77,"column":7}},"type":"if","locations":[{"start":{"line":72,"column":6},"end":{"line":77,"column":7}},{"start":{"line":72,"column":6},"end":{"line":77,"column":7}}],"line":72},"7":{"loc":{"start":{"line":76,"column":17},"end":{"line":76,"column":58}},"type":"cond-expr","locations":[{"start":{"line":76,"column":49},"end":{"line":76,"column":52}},{"start":{"line":76,"column":55},"end":{"line":76,"column":58}}],"line":76},"8":{"loc":{"start":{"line":84,"column":22},"end":{"line":84,"column":98}},"type":"cond-expr","locations":[{"start":{"line":84,"column":41},"end":{"line":84,"column":71}},{"start":{"line":84,"column":74},"end":{"line":84,"column":98}}],"line":84},"9":{"loc":{"start":{"line":85,"column":24},"end":{"line":87,"column":29}},"type":"cond-expr","locations":[{"start":{"line":86,"column":8},"end":{"line":86,"column":31}},{"start":{"line":87,"column":8},"end":{"line":87,"column":29}}],"line":85}},"s":{"0":4,"1":14,"2":5,"3":6,"4":1,"5":1,"6":1,"7":4,"8":13,"9":5,"10":7,"11":1,"12":4,"13":3,"14":1,"15":1,"16":1,"17":4,"18":3,"19":1,"20":1,"21":1,"22":4,"23":1,"24":3,"25":3,"26":3,"27":6,"28":3,"29":2,"30":1,"31":3,"32":3,"33":6,"34":3,"35":2,"36":1,"37":3,"38":15,"39":9,"40":9,"41":6,"42":15,"43":3,"44":3,"45":3,"46":3,"47":3,"48":3,"49":3},"f":{"0":14,"1":13,"2":3,"3":3,"4":1,"5":3,"6":6,"7":6,"8":15},"b":{"0":[5,6,1,1,1],"1":[5,7,1],"2":[1,1,1],"3":[1,1,1],"4":[2,1],"5":[2,1],"6":[9,6],"7":[4,2],"8":[2,1],"9":[2,1]},"_coverageSchema":"43e27e138ebf9cfc5966b082cf9a028302ed4184","hash":"d2d90130288e03b43d0c0b26b35be16a555fc53a"}}
,"C:\\Proyectos\\shaffiro-front\\src\\utils\\ruleEngineApi.js": {"data":{"path":"C:\\Proyectos\\shaffiro-front\\src\\utils\\ruleEngineApi.js","statementMap":{"0":{"start":{"line":3,"column":12},"end":{"line":5,"column":43}},"1":{"start":{"line":7,"column":22},"end":{"line":9,"column":2}}},"fnMap":{},"branchMap":{"0":{"loc":{"start":{"line":3,"column":12},"end":{"line":5,"column":43}},"type":"cond-expr","locations":[{"start":{"line":4,"column":4},"end":{"line":4,"column":44}},{"start":{"line":5,"column":4},"end":{"line":5,"column":43}}],"line":3}},"s":{"0":1,"1":1},"f":{},"b":{"0":[0,1]},"_coverageSchema":"43e27e138ebf9cfc5966b082cf9a028302ed4184","hash":"cb481b85c9ba3d80c7a18a836083f227e74e9720"}}
,"C:\\Proyectos\\shaffiro-front\\src\\utils\\searchFilter.js": {"data":{"path":"C:\\Proyectos\\shaffiro-front\\src\\utils\\searchFilter.js","statementMap":{"0":{"start":{"line":1,"column":28},"end":{"line":9,"column":1}},"1":{"start":{"line":2,"column":26},"end":{"line":2,"column":59}},"2":{"start":{"line":4,"column":2},"end":{"line":8,"column":4}},"3":{"start":{"line":5,"column":4},"end":{"line":7,"column":6}},"4":{"start":{"line":6,"column":6},"end":{"line":6,"column":66}}},"fnMap":{"0":{"name":"(anonymous_0)","decl":{"start":{"line":1,"column":28},"end":{"line":1,"column":29}},"loc":{"start":{"line":1,"column":53},"end":{"line":9,"column":1}},"line":1},"1":{"name":"(anonymous_1)","decl":{"start":{"line":4,"column":22},"end":{"line":4,"column":23}},"loc":{"start":{"line":4,"column":33},"end":{"line":8,"column":3}},"line":4},"2":{"name":"(anonymous_2)","decl":{"start":{"line":5,"column":39},"end":{"line":5,"column":40}},"loc":{"start":{"line":5,"column":48},"end":{"line":7,"column":5}},"line":5}},"branchMap":{},"s":{"0":4,"1":8,"2":8,"3":16,"4":17},"f":{"0":8,"1":16,"2":17},"b":{},"_coverageSchema":"43e27e138ebf9cfc5966b082cf9a028302ed4184","hash":"efa5933fc8a96505b9130d69d71c7da8ab79cf87"}}
,"C:\\Proyectos\\shaffiro-front\\src\\utils\\users.js": {"data":{"path":"C:\\Proyectos\\shaffiro-front\\src\\utils\\users.js","statementMap":{"0":{"start":{"line":1,"column":28},"end":{"line":10,"column":1}},"1":{"start":{"line":2,"column":2},"end":{"line":9,"column":3}},"2":{"start":{"line":4,"column":6},"end":{"line":4,"column":22}},"3":{"start":{"line":6,"column":6},"end":{"line":6,"column":28}},"4":{"start":{"line":8,"column":6},"end":{"line":8,"column":22}}},"fnMap":{"0":{"name":"(anonymous_0)","decl":{"start":{"line":1,"column":28},"end":{"line":1,"column":29}},"loc":{"start":{"line":1,"column":43},"end":{"line":10,"column":1}},"line":1}},"branchMap":{"0":{"loc":{"start":{"line":2,"column":2},"end":{"line":9,"column":3}},"type":"switch","locations":[{"start":{"line":3,"column":4},"end":{"line":4,"column":22}},{"start":{"line":5,"column":4},"end":{"line":6,"column":28}},{"start":{"line":7,"column":4},"end":{"line":8,"column":22}}],"line":2}},"s":{"0":3,"1":28,"2":15,"3":12,"4":1},"f":{"0":28},"b":{"0":[15,12,1]},"_coverageSchema":"43e27e138ebf9cfc5966b082cf9a028302ed4184","hash":"6fc058c1f321d4f9cd849b1fbb4512738fe6b225"}}
,"C:\\Proyectos\\shaffiro-front\\src\\validators\\validators.js": {"data":{"path":"C:\\Proyectos\\shaffiro-front\\src\\validators\\validators.js","statementMap":{"0":{"start":{"line":2,"column":31},"end":{"line":4,"column":1}},"1":{"start":{"line":3,"column":2},"end":{"line":3,"column":54}},"2":{"start":{"line":7,"column":32},"end":{"line":12,"column":1}},"3":{"start":{"line":10,"column":25},"end":{"line":10,"column":84}},"4":{"start":{"line":11,"column":2},"end":{"line":11,"column":38}}},"fnMap":{"0":{"name":"(anonymous_0)","decl":{"start":{"line":2,"column":31},"end":{"line":2,"column":32}},"loc":{"start":{"line":2,"column":45},"end":{"line":4,"column":1}},"line":2},"1":{"name":"(anonymous_1)","decl":{"start":{"line":7,"column":32},"end":{"line":7,"column":33}},"loc":{"start":{"line":7,"column":46},"end":{"line":12,"column":1}},"line":7}},"branchMap":{"0":{"loc":{"start":{"line":3,"column":9},"end":{"line":3,"column":54}},"type":"binary-expr","locations":[{"start":{"line":3,"column":9},"end":{"line":3,"column":29}},{"start":{"line":3,"column":33},"end":{"line":3,"column":54}}],"line":3}},"s":{"0":4,"1":4,"2":4,"3":3,"4":3},"f":{"0":4,"1":3},"b":{"0":[4,2]},"_coverageSchema":"43e27e138ebf9cfc5966b082cf9a028302ed4184","hash":"ca72e1c680445f31537b730833d1c02ca45c843a"}}
}
