TN:
SF:C:\Proyectos\shaffiro-front\src\App.vue
FN:31,(anonymous_1)
FNF:1
FNH:1
FNDA:1,(anonymous_1)
DA:20,1
DA:21,1
DA:22,1
DA:32,1
LF:4
LH:4
BRF:0
BRH:0
end_of_record
TN:
SF:C:\Proyectos\shaffiro-front\src\main.js
FN:20,(anonymous_0)
FNF:1
FNH:0
FNDA:0,(anonymous_0)
DA:10,0
DA:11,0
DA:13,0
DA:17,0
DA:20,0
LF:5
LH:0
BRDA:13,0,0,0
BRDA:13,0,1,0
BRF:2
BRH:0
end_of_record
TN:
SF:C:\Proyectos\shaffiro-front\src\components\LoginError.vue
FN:19,(anonymous_1)
FNF:1
FNH:1
FNDA:1,(anonymous_1)
DA:20,1
LF:1
LH:1
BRF:0
BRH:0
end_of_record
TN:
SF:C:\Proyectos\shaffiro-front\src\components\NavBar.vue
FN:91,(anonymous_1)
FN:94,(anonymous_2)
FNF:2
FNH:2
FNDA:2,(anonymous_1)
FNDA:2,(anonymous_2)
DA:92,2
DA:95,2
LF:2
LH:2
BRF:0
BRH:0
end_of_record
TN:
SF:C:\Proyectos\shaffiro-front\src\components\base\_base-input-select.vue
FN:39,(anonymous_1)
FN:60,(anonymous_2)
FN:67,(anonymous_3)
FN:70,(anonymous_4)
FNF:4
FNH:3
FNDA:0,(anonymous_1)
FNDA:17,(anonymous_2)
FNDA:20,(anonymous_3)
FNDA:3,(anonymous_4)
DA:39,0
DA:61,17
DA:68,20
DA:71,3
LF:4
LH:3
BRDA:62,0,0,17
BRDA:62,0,1,7
BRF:2
BRH:2
end_of_record
TN:
SF:C:\Proyectos\shaffiro-front\src\components\base\_base-input.vue
FN:21,(anonymous_1)
FN:41,(anonymous_2)
FN:44,(anonymous_3)
FN:49,(anonymous_4)
FNF:4
FNH:4
FNDA:100,(anonymous_1)
FNDA:72,(anonymous_2)
FNDA:2,(anonymous_3)
FNDA:69,(anonymous_4)
DA:22,100
DA:42,72
DA:45,2
DA:46,2
DA:50,72
DA:51,66
LF:6
LH:6
BRDA:45,0,0,0
BRDA:45,0,1,2
BRDA:50,1,0,3
BRDA:50,1,1,66
BRF:4
BRH:3
end_of_record
TN:
SF:C:\Proyectos\shaffiro-front\src\components\base\_base-link.vue
FN:39,(anonymous_1)
FN:43,(anonymous_2)
FNF:2
FNH:2
FNDA:19,(anonymous_1)
FNDA:23,(anonymous_2)
DA:39,19
DA:44,23
LF:2
LH:2
BRDA:47,0,0,23
BRDA:47,0,1,2
BRF:2
BRH:2
end_of_record
TN:
SF:C:\Proyectos\shaffiro-front\src\components\base\globals.js
FNF:0
FNH:0
DA:10,29
DA:11,29
DA:12,29
DA:13,29
DA:14,29
DA:15,29
DA:16,29
LF:7
LH:7
BRF:0
BRH:0
end_of_record
TN:
SF:C:\Proyectos\shaffiro-front\src\router\index.js
FN:13,(anonymous_0)
FN:14,(anonymous_1)
FN:15,(anonymous_2)
FN:23,(anonymous_3)
FN:39,redirectToLogin
FN:48,(anonymous_5)
FN:52,(anonymous_6)
FN:56,(anonymous_7)
FNF:8
FNH:0
FNDA:0,(anonymous_0)
FNDA:0,(anonymous_1)
FNDA:0,(anonymous_2)
FNDA:0,(anonymous_3)
FNDA:0,redirectToLogin
FNDA:0,(anonymous_5)
FNDA:0,(anonymous_6)
FNDA:0,(anonymous_7)
DA:6,0
DA:8,0
DA:13,0
DA:14,0
DA:15,0
DA:16,0
DA:18,0
DA:19,0
DA:20,0
DA:22,0
DA:24,0
DA:27,0
DA:28,0
DA:29,0
DA:33,0
DA:36,0
DA:40,0
DA:48,0
DA:49,0
DA:51,0
DA:52,0
DA:55,0
DA:56,0
DA:58,0
DA:60,0
DA:61,0
DA:63,0
DA:68,0
DA:74,0
DA:78,0
LF:30
LH:0
BRDA:18,0,0,0
BRDA:18,0,1,0
BRDA:19,1,0,0
BRDA:19,1,1,0
BRDA:24,2,0,0
BRDA:24,2,1,0
BRDA:27,3,0,0
BRDA:27,3,1,0
BRDA:28,4,0,0
BRDA:28,4,1,0
BRDA:55,5,0,0
BRDA:55,5,1,0
BRDA:55,6,0,0
BRDA:55,6,1,0
BRDA:58,7,0,0
BRDA:58,7,1,0
BRF:16
BRH:0
end_of_record
TN:
SF:C:\Proyectos\shaffiro-front\src\router\routes.js
FN:7,(anonymous_0)
FN:12,(anonymous_1)
FN:20,(anonymous_2)
FN:28,(anonymous_3)
FN:38,(anonymous_4)
FN:45,(anonymous_5)
FN:57,(anonymous_6)
FN:65,(anonymous_7)
FN:73,(anonymous_8)
FN:77,(anonymous_9)
FN:82,(anonymous_10)
FN:90,(anonymous_11)
FN:98,(anonymous_12)
FN:106,(anonymous_13)
FN:114,(anonymous_14)
FN:122,(anonymous_15)
FN:130,(anonymous_16)
FN:138,(anonymous_17)
FN:146,(anonymous_18)
FN:154,(anonymous_19)
FN:162,(anonymous_20)
FNF:21
FNH:0
FNDA:0,(anonymous_0)
FNDA:0,(anonymous_1)
FNDA:0,(anonymous_2)
FNDA:0,(anonymous_3)
FNDA:0,(anonymous_4)
FNDA:0,(anonymous_5)
FNDA:0,(anonymous_6)
FNDA:0,(anonymous_7)
FNDA:0,(anonymous_8)
FNDA:0,(anonymous_9)
FNDA:0,(anonymous_10)
FNDA:0,(anonymous_11)
FNDA:0,(anonymous_12)
FNDA:0,(anonymous_13)
FNDA:0,(anonymous_14)
FNDA:0,(anonymous_15)
FNDA:0,(anonymous_16)
FNDA:0,(anonymous_17)
FNDA:0,(anonymous_18)
FNDA:0,(anonymous_19)
FNDA:0,(anonymous_20)
DA:7,0
DA:12,0
DA:20,0
DA:28,0
DA:40,0
DA:44,0
DA:45,0
DA:50,0
DA:57,0
DA:65,0
DA:73,0
DA:77,0
DA:82,0
DA:90,0
DA:98,0
DA:106,0
DA:114,0
DA:122,0
DA:130,0
DA:138,0
DA:146,0
DA:154,0
DA:162,0
LF:23
LH:0
BRDA:50,0,0,0
BRDA:50,0,1,0
BRDA:77,1,0,0
BRDA:77,1,1,0
BRF:4
BRH:0
end_of_record
TN:
SF:C:\Proyectos\shaffiro-front\src\router\views\auth\Activate.vue
FN:27,(anonymous_1)
FNF:1
FNH:1
FNDA:1,(anonymous_1)
DA:20,1
DA:28,1
LF:2
LH:2
BRF:0
BRH:0
end_of_record
TN:
SF:C:\Proyectos\shaffiro-front\src\router\views\auth\ChangePassword.vue
FN:71,(anonymous_1)
FN:80,(anonymous_2)
FN:100,(anonymous_3)
FNF:3
FNH:0
FNDA:0,(anonymous_1)
FNDA:0,(anonymous_2)
FNDA:0,(anonymous_3)
DA:66,0
DA:67,0
DA:68,0
DA:72,0
DA:81,0
DA:86,0
DA:87,0
DA:88,0
DA:90,0
DA:101,0
LF:10
LH:0
BRF:0
BRH:0
end_of_record
TN:
SF:C:\Proyectos\shaffiro-front\src\router\views\auth\LogIn.vue
FN:79,(anonymous_1)
FN:95,(anonymous_2)
FNF:2
FNH:2
FNDA:4,(anonymous_1)
FNDA:1,(anonymous_2)
DA:72,1
DA:73,1
DA:80,4
DA:96,1
DA:98,1
DA:104,1
DA:105,1
DA:106,0
DA:108,1
LF:9
LH:8
BRF:0
BRH:0
end_of_record
TN:
SF:C:\Proyectos\shaffiro-front\src\router\views\auth\Profile.vue
FN:22,(anonymous_1)
FNF:1
FNH:0
FNDA:0,(anonymous_1)
DA:23,0
LF:1
LH:0
BRF:0
BRH:0
end_of_record
TN:
SF:C:\Proyectos\shaffiro-front\src\router\views\auth\ResetPasswordFinish.vue
FN:104,(anonymous_1)
FN:108,(anonymous_2)
FN:118,(anonymous_3)
FN:136,(anonymous_4)
FN:146,(anonymous_5)
FNF:5
FNH:4
FNDA:1,(anonymous_1)
FNDA:4,(anonymous_2)
FNDA:3,(anonymous_3)
FNDA:1,(anonymous_4)
FNDA:0,(anonymous_5)
DA:97,1
DA:98,1
DA:99,1
DA:100,1
DA:105,1
DA:106,1
DA:109,4
DA:119,3
DA:124,3
DA:125,3
DA:126,1
DA:127,1
DA:129,2
DA:130,1
DA:132,1
DA:137,1
DA:147,0
LF:17
LH:16
BRDA:114,0,0,4
BRDA:114,0,1,4
BRDA:129,1,0,1
BRDA:129,1,1,1
BRDA:129,2,0,2
BRDA:129,2,1,1
BRDA:129,2,2,1
BRF:7
BRH:7
end_of_record
TN:
SF:C:\Proyectos\shaffiro-front\src\router\views\auth\ResetPasswordInit.vue
FN:67,(anonymous_1)
FN:75,(anonymous_2)
FNF:2
FNH:2
FNDA:3,(anonymous_1)
FNDA:3,(anonymous_2)
DA:61,1
DA:62,1
DA:63,1
DA:68,3
DA:76,3
DA:77,3
DA:79,3
DA:80,3
DA:85,1
DA:87,2
DA:88,1
DA:90,1
LF:12
LH:12
BRDA:87,0,0,1
BRDA:87,0,1,1
BRF:2
BRH:2
end_of_record
TN:
SF:C:\Proyectos\shaffiro-front\src\router\views\auth\SignUp.vue
FN:129,(anonymous_1)
FN:146,(anonymous_2)
FN:152,(anonymous_3)
FN:158,(anonymous_4)
FN:164,(anonymous_5)
FNF:5
FNH:2
FNDA:5,(anonymous_1)
FNDA:0,(anonymous_2)
FNDA:0,(anonymous_3)
FNDA:0,(anonymous_4)
FNDA:3,(anonymous_5)
DA:121,1
DA:122,1
DA:123,1
DA:130,5
DA:147,0
DA:153,0
DA:159,0
DA:165,3
DA:166,3
DA:168,3
DA:175,3
DA:176,3
DA:177,1
DA:179,3
DA:181,1
DA:182,1
DA:184,1
DA:185,1
DA:187,1
LF:19
LH:16
BRDA:180,0,0,1
BRDA:180,0,1,1
BRDA:180,0,2,1
BRF:3
BRH:3
end_of_record
TN:
SF:C:\Proyectos\shaffiro-front\src\router\views\dispositivos\EditarDispositivo.vue
FN:52,(anonymous_1)
FN:53,(anonymous_2)
FN:63,(anonymous_3)
FN:67,(anonymous_4)
FN:79,(anonymous_5)
FNF:5
FNH:5
FNDA:1,(anonymous_1)
FNDA:1,(anonymous_2)
FNDA:1,(anonymous_3)
FNDA:4,(anonymous_4)
FNDA:2,(anonymous_5)
DA:46,1
DA:47,1
DA:48,1
DA:53,1
DA:54,1
DA:56,1
DA:57,1
DA:58,1
DA:59,1
DA:60,1
DA:64,1
DA:65,1
DA:68,4
DA:80,2
DA:88,2
DA:89,2
DA:90,1
DA:93,1
LF:18
LH:18
BRF:0
BRH:0
end_of_record
TN:
SF:C:\Proyectos\shaffiro-front\src\router\views\dispositivos\ListarDispositivos.vue
FN:65,(anonymous_1)
FN:75,(anonymous_2)
FN:78,(anonymous_3)
FN:79,(anonymous_4)
FN:80,(anonymous_5)
FN:92,(anonymous_7)
FN:108,(anonymous_8)
FN:115,(anonymous_9)
FN:119,(anonymous_10)
FN:124,(anonymous_11)
FN:127,(anonymous_12)
FN:130,(anonymous_13)
FN:134,(anonymous_14)
FNF:13
FNH:13
FNDA:9,(anonymous_1)
FNDA:4,(anonymous_2)
FNDA:4,(anonymous_3)
FNDA:8,(anonymous_4)
FNDA:64,(anonymous_5)
FNDA:8,(anonymous_7)
FNDA:8,(anonymous_8)
FNDA:4,(anonymous_9)
FNDA:9,(anonymous_10)
FNDA:8,(anonymous_11)
FNDA:1,(anonymous_12)
FNDA:1,(anonymous_13)
FNDA:2,(anonymous_14)
DA:57,1
DA:58,1
DA:59,1
DA:66,9
DA:76,4
DA:79,4
DA:80,48
DA:83,16
DA:89,8
DA:92,12
DA:108,4
DA:110,8
DA:113,4
DA:116,4
DA:120,9
DA:125,8
DA:128,1
DA:131,1
DA:132,1
DA:135,2
DA:137,2
DA:138,2
DA:141,1
LF:23
LH:23
BRDA:92,0,0,8
BRDA:92,0,1,0
BRF:2
BRH:1
end_of_record
TN:
SF:C:\Proyectos\shaffiro-front\src\router\views\dispositivos-no-asociados\AsociarDispositivo.vue
FN:71,(anonymous_1)
FN:72,(anonymous_2)
FN:80,(anonymous_3)
FN:84,(anonymous_4)
FN:102,(anonymous_5)
FN:115,(anonymous_6)
FNF:6
FNH:6
FNDA:1,(anonymous_1)
FNDA:1,(anonymous_2)
FNDA:1,(anonymous_3)
FNDA:7,(anonymous_4)
FNDA:2,(anonymous_5)
FNDA:2,(anonymous_6)
DA:64,1
DA:65,1
DA:66,1
DA:67,1
DA:72,1
DA:73,1
DA:75,1
DA:76,1
DA:77,1
DA:81,1
DA:82,1
DA:85,7
DA:103,2
DA:104,2
DA:105,2
DA:106,1
DA:107,1
DA:108,1
DA:109,1
DA:110,1
DA:111,1
DA:112,1
DA:116,2
DA:124,2
DA:125,2
DA:126,1
DA:129,1
LF:27
LH:27
BRDA:105,0,0,1
BRDA:105,0,1,1
BRDA:110,1,0,1
BRDA:110,1,1,0
BRF:4
BRH:3
end_of_record
TN:
SF:C:\Proyectos\shaffiro-front\src\router\views\dispositivos-no-asociados\DetectarDispositivos.vue
FN:44,(anonymous_1)
FN:52,(anonymous_2)
FN:56,(anonymous_3)
FN:60,(anonymous_4)
FNF:4
FNH:4
FNDA:4,(anonymous_1)
FNDA:2,(anonymous_2)
FNDA:4,(anonymous_3)
FNDA:1,(anonymous_4)
DA:38,1
DA:45,4
DA:53,2
DA:57,4
DA:61,1
DA:62,1
LF:6
LH:6
BRF:0
BRH:0
end_of_record
TN:
SF:C:\Proyectos\shaffiro-front\src\router\views\layouts\Listado.vue
FN:116,(anonymous_1)
FNF:1
FNH:1
FNDA:23,(anonymous_1)
DA:117,23
LF:1
LH:1
BRF:0
BRH:0
end_of_record
TN:
SF:C:\Proyectos\shaffiro-front\src\router\views\reglas\ReglaForm.vue
FN:248,(anonymous_1)
FN:270,(anonymous_2)
FN:273,(anonymous_3)
FN:276,(anonymous_4)
FN:279,(anonymous_5)
FN:282,(anonymous_6)
FN:285,(anonymous_7)
FN:288,(anonymous_8)
FN:289,(anonymous_9)
FN:291,(anonymous_10)
FN:292,(anonymous_11)
FN:294,(anonymous_12)
FN:307,(anonymous_13)
FN:308,(anonymous_14)
FN:310,(anonymous_15)
FN:311,(anonymous_16)
FN:313,(anonymous_17)
FN:316,(anonymous_18)
FN:328,(anonymous_19)
FN:332,(anonymous_20)
FN:338,(anonymous_21)
FN:340,(anonymous_22)
FN:344,(anonymous_23)
FN:349,(anonymous_24)
FN:353,(anonymous_25)
FN:359,(anonymous_26)
FN:364,(anonymous_27)
FN:375,(anonymous_28)
FN:383,(anonymous_29)
FN:384,(anonymous_30)
FN:392,(anonymous_31)
FNF:31
FNH:0
FNDA:0,(anonymous_1)
FNDA:0,(anonymous_2)
FNDA:0,(anonymous_3)
FNDA:0,(anonymous_4)
FNDA:0,(anonymous_5)
FNDA:0,(anonymous_6)
FNDA:0,(anonymous_7)
FNDA:0,(anonymous_8)
FNDA:0,(anonymous_9)
FNDA:0,(anonymous_10)
FNDA:0,(anonymous_11)
FNDA:0,(anonymous_12)
FNDA:0,(anonymous_13)
FNDA:0,(anonymous_14)
FNDA:0,(anonymous_15)
FNDA:0,(anonymous_16)
FNDA:0,(anonymous_17)
FNDA:0,(anonymous_18)
FNDA:0,(anonymous_19)
FNDA:0,(anonymous_20)
FNDA:0,(anonymous_21)
FNDA:0,(anonymous_22)
FNDA:0,(anonymous_23)
FNDA:0,(anonymous_24)
FNDA:0,(anonymous_25)
FNDA:0,(anonymous_26)
FNDA:0,(anonymous_27)
FNDA:0,(anonymous_28)
FNDA:0,(anonymous_29)
FNDA:0,(anonymous_30)
FNDA:0,(anonymous_31)
DA:238,0
DA:239,0
DA:240,0
DA:241,0
DA:242,0
DA:249,0
DA:271,0
DA:274,0
DA:277,0
DA:280,0
DA:283,0
DA:286,0
DA:289,0
DA:292,0
DA:295,0
DA:296,0
DA:299,0
DA:300,0
DA:301,0
DA:302,0
DA:304,0
DA:308,0
DA:311,0
DA:314,0
DA:316,0
DA:317,0
DA:318,0
DA:320,0
DA:323,0
DA:325,0
DA:329,0
DA:330,0
DA:331,0
DA:332,0
DA:333,0
DA:334,0
DA:335,0
DA:336,0
DA:337,0
DA:338,0
DA:339,0
DA:340,0
DA:342,0
DA:343,0
DA:344,0
DA:345,0
DA:346,0
DA:347,0
DA:348,0
DA:349,0
DA:350,0
DA:354,0
DA:355,0
DA:356,0
DA:360,0
DA:361,0
DA:362,0
DA:365,0
DA:371,0
DA:372,0
DA:373,0
DA:376,0
DA:384,0
DA:385,0
DA:386,0
DA:387,0
DA:389,0
DA:393,0
DA:394,0
DA:399,0
DA:405,0
DA:406,0
DA:408,0
DA:409,0
DA:410,0
DA:413,0
DA:414,0
DA:419,0
DA:420,0
DA:423,0
LF:80
LH:0
BRDA:295,0,0,0
BRDA:295,0,1,0
BRDA:299,1,0,0
BRDA:299,1,1,0
BRDA:301,2,0,0
BRDA:301,2,1,0
BRDA:320,3,0,0
BRDA:320,3,1,0
BRDA:331,4,0,0
BRDA:331,4,1,0
BRDA:339,5,0,0
BRDA:339,5,1,0
BRDA:386,6,0,0
BRDA:386,6,1,0
BRDA:408,7,0,0
BRDA:408,7,1,0
BRF:16
BRH:0
end_of_record
TN:
SF:C:\Proyectos\shaffiro-front\src\router\views\reglas\Reglas.vue
FN:56,(anonymous_1)
FN:65,(anonymous_2)
FN:68,(anonymous_3)
FN:71,(anonymous_4)
FN:74,(anonymous_5)
FN:77,(anonymous_6)
FN:81,(anonymous_7)
FN:88,(anonymous_8)
FN:92,(anonymous_9)
FN:95,(anonymous_10)
FNF:10
FNH:8
FNDA:6,(anonymous_1)
FNDA:2,(anonymous_2)
FNDA:1,(anonymous_3)
FNDA:1,(anonymous_4)
FNDA:0,(anonymous_5)
FNDA:0,(anonymous_6)
FNDA:6,(anonymous_7)
FNDA:3,(anonymous_8)
FNDA:1,(anonymous_9)
FNDA:1,(anonymous_10)
DA:48,1
DA:49,1
DA:50,1
DA:57,6
DA:66,2
DA:69,1
DA:72,1
DA:75,0
DA:78,0
DA:82,6
DA:89,3
DA:90,3
DA:93,1
DA:96,1
DA:97,1
LF:15
LH:13
BRF:0
BRH:0
end_of_record
TN:
SF:C:\Proyectos\shaffiro-front\src\router\views\usuarios\ListarUsuarios.vue
FN:65,(anonymous_1)
FN:75,(anonymous_2)
FN:78,(anonymous_3)
FN:86,(anonymous_4)
FN:87,(anonymous_5)
FN:88,(anonymous_6)
FN:101,(anonymous_8)
FN:104,(anonymous_9)
FN:105,(anonymous_10)
FN:108,(anonymous_11)
FN:114,(anonymous_12)
FN:118,(anonymous_13)
FN:122,(anonymous_14)
FN:125,(anonymous_15)
FN:129,(anonymous_16)
FNF:15
FNH:15
FNDA:3,(anonymous_1)
FNDA:3,(anonymous_2)
FNDA:6,(anonymous_3)
FNDA:3,(anonymous_4)
FNDA:6,(anonymous_5)
FNDA:42,(anonymous_6)
FNDA:6,(anonymous_8)
FNDA:6,(anonymous_9)
FNDA:9,(anonymous_10)
FNDA:6,(anonymous_11)
FNDA:3,(anonymous_12)
FNDA:3,(anonymous_13)
FNDA:1,(anonymous_14)
FNDA:1,(anonymous_15)
FNDA:1,(anonymous_16)
DA:57,1
DA:58,1
DA:59,1
DA:66,3
DA:76,3
DA:78,9
DA:87,3
DA:88,30
DA:91,12
DA:97,6
DA:101,9
DA:104,3
DA:105,15
DA:108,3
DA:109,6
DA:112,3
DA:115,3
DA:119,3
DA:123,1
DA:126,1
DA:127,1
DA:130,1
DA:132,1
DA:133,1
DA:136,0
LF:25
LH:24
BRDA:101,0,0,6
BRDA:101,0,1,0
BRF:2
BRH:1
end_of_record
TN:
SF:C:\Proyectos\shaffiro-front\src\router\views\usuarios\UsuarioForm.vue
FN:112,(anonymous_1)
FN:114,(anonymous_2)
FN:125,(anonymous_3)
FN:129,(anonymous_4)
FN:147,(anonymous_5)
FN:148,(anonymous_6)
FN:152,(anonymous_7)
FN:200,(anonymous_8)
FNF:8
FNH:8
FNDA:2,(anonymous_1)
FNDA:1,(anonymous_2)
FNDA:1,(anonymous_3)
FNDA:8,(anonymous_4)
FNDA:8,(anonymous_5)
FNDA:16,(anonymous_6)
FNDA:4,(anonymous_7)
FNDA:1,(anonymous_8)
DA:104,1
DA:105,1
DA:106,1
DA:107,1
DA:108,1
DA:113,3
DA:114,1
DA:115,1
DA:116,1
DA:117,1
DA:118,1
DA:119,1
DA:120,1
DA:121,1
DA:122,1
DA:126,1
DA:127,1
DA:130,8
DA:148,24
DA:153,4
DA:154,4
DA:155,4
DA:157,4
DA:163,4
DA:164,4
DA:166,4
DA:167,0
DA:168,0
DA:169,0
DA:172,4
DA:173,4
DA:178,1
DA:180,3
DA:181,2
DA:182,2
DA:183,1
DA:184,1
DA:185,1
DA:188,1
DA:201,1
LF:40
LH:37
BRDA:113,0,0,1
BRDA:113,0,1,1
BRDA:166,1,0,0
BRDA:166,1,1,4
BRDA:180,2,0,2
BRDA:180,2,1,1
BRDA:180,3,0,3
BRDA:180,3,1,2
BRDA:182,4,0,1
BRDA:182,4,1,1
BRDA:184,5,0,1
BRDA:184,5,1,0
BRF:12
BRH:10
end_of_record
TN:
SF:C:\Proyectos\shaffiro-front\src\store\helpers.js
FN:2,getSavedState
FN:7,saveState
FNF:2
FNH:2
FNDA:6,getSavedState
FNDA:31,saveState
DA:3,6
DA:8,31
LF:2
LH:2
BRF:0
BRH:0
end_of_record
TN:
SF:C:\Proyectos\shaffiro-front\src\store\store.js
FNF:0
FNH:0
DA:9,0
DA:11,0
LF:2
LH:0
BRF:0
BRH:0
end_of_record
TN:
SF:C:\Proyectos\shaffiro-front\src\store\modules\auth.js
FN:5,setDefaultAuthHeaders
FN:12,(anonymous_1)
FN:17,(anonymous_2)
FN:21,(anonymous_3)
FN:27,(anonymous_4)
FN:31,(anonymous_5)
FN:34,(anonymous_6)
FN:37,(anonymous_7)
FN:43,(anonymous_8)
FN:55,(anonymous_9)
FN:68,(anonymous_10)
FN:76,(anonymous_11)
FN:84,(anonymous_12)
FN:110,(anonymous_13)
FNF:14
FNH:14
FNDA:17,setDefaultAuthHeaders
FNDA:15,(anonymous_1)
FNDA:4,(anonymous_2)
FNDA:6,(anonymous_3)
FNDA:3,(anonymous_4)
FNDA:1,(anonymous_5)
FNDA:2,(anonymous_6)
FNDA:2,(anonymous_7)
FNDA:3,(anonymous_8)
FNDA:3,(anonymous_9)
FNDA:1,(anonymous_10)
FNDA:1,(anonymous_11)
FNDA:5,(anonymous_12)
FNDA:1,(anonymous_13)
DA:6,17
DA:11,1
DA:13,15
DA:14,15
DA:15,15
DA:18,4
DA:19,4
DA:22,6
DA:26,1
DA:28,3
DA:32,1
DA:35,2
DA:38,2
DA:42,1
DA:44,3
DA:45,3
DA:46,1
DA:48,2
DA:49,1
DA:51,1
DA:57,3
DA:60,2
DA:62,2
DA:69,1
DA:70,1
DA:71,1
DA:72,1
DA:73,1
DA:74,1
DA:78,1
DA:79,1
DA:80,1
DA:81,1
DA:85,5
DA:87,5
DA:88,1
DA:90,1
DA:93,1
DA:94,1
DA:95,1
DA:97,4
DA:98,1
DA:99,3
DA:100,2
DA:101,1
DA:103,1
DA:106,1
DA:111,1
DA:112,1
DA:116,1
LF:50
LH:50
BRDA:6,0,0,12
BRDA:6,0,1,5
BRDA:28,1,0,3
BRDA:28,1,1,2
BRDA:32,2,0,1
BRDA:32,2,1,1
BRDA:48,3,0,1
BRDA:48,3,1,1
BRDA:48,4,0,2
BRDA:48,4,1,1
BRDA:57,5,0,1
BRDA:57,5,1,2
BRDA:84,6,0,0
BRDA:97,7,0,1
BRDA:97,7,1,3
BRDA:97,8,0,4
BRDA:97,8,1,3
BRDA:99,9,0,2
BRDA:99,9,1,1
BRDA:99,10,0,3
BRDA:99,10,1,2
BRDA:100,11,0,1
BRDA:100,11,1,1
BRF:23
BRH:22
end_of_record
TN:
SF:C:\Proyectos\shaffiro-front\src\store\modules\dispositivos.js
FN:5,(anonymous_0)
FN:8,(anonymous_1)
FN:12,(anonymous_2)
FN:13,(anonymous_3)
FN:19,(anonymous_4)
FN:22,(anonymous_5)
FN:26,(anonymous_6)
FN:27,(anonymous_7)
FN:30,(anonymous_8)
FN:31,(anonymous_9)
FN:34,(anonymous_10)
FN:35,(anonymous_11)
FN:38,(anonymous_12)
FN:39,(anonymous_13)
FN:44,(anonymous_14)
FN:52,(anonymous_15)
FNF:16
FNH:16
FNDA:9,(anonymous_0)
FNDA:3,(anonymous_1)
FNDA:2,(anonymous_2)
FNDA:2,(anonymous_3)
FNDA:5,(anonymous_4)
FNDA:1,(anonymous_5)
FNDA:2,(anonymous_6)
FNDA:4,(anonymous_7)
FNDA:2,(anonymous_8)
FNDA:4,(anonymous_9)
FNDA:1,(anonymous_10)
FNDA:1,(anonymous_11)
FNDA:1,(anonymous_12)
FNDA:1,(anonymous_13)
FNDA:2,(anonymous_14)
FNDA:2,(anonymous_15)
DA:4,1
DA:6,9
DA:9,3
DA:10,3
DA:13,2
DA:14,2
DA:18,1
DA:20,5
DA:23,1
DA:27,4
DA:31,4
DA:35,1
DA:39,1
DA:43,1
DA:45,2
DA:46,2
DA:47,1
DA:49,1
DA:53,2
DA:54,2
DA:55,1
DA:57,1
DA:62,1
LF:23
LH:23
BRF:0
BRH:0
end_of_record
TN:
SF:C:\Proyectos\shaffiro-front\src\store\modules\dispositivosNoAsociados.js
FN:5,(anonymous_0)
FN:8,(anonymous_1)
FN:15,(anonymous_2)
FN:18,(anonymous_3)
FN:24,(anonymous_4)
FNF:5
FNH:5
FNDA:3,(anonymous_0)
FNDA:3,(anonymous_1)
FNDA:1,(anonymous_2)
FNDA:1,(anonymous_3)
FNDA:1,(anonymous_4)
DA:4,1
DA:6,3
DA:9,3
DA:10,3
DA:14,1
DA:16,1
DA:19,1
DA:23,1
DA:25,1
DA:26,1
DA:31,1
LF:11
LH:11
BRF:0
BRH:0
end_of_record
TN:
SF:C:\Proyectos\shaffiro-front\src\store\modules\index.js
FNF:0
FNH:0
LF:0
LH:0
BRF:0
BRH:0
end_of_record
TN:
SF:C:\Proyectos\shaffiro-front\src\store\modules\reglas.js
FN:5,(anonymous_0)
FN:8,(anonymous_1)
FN:15,(anonymous_2)
FN:18,(anonymous_3)
FN:24,(anonymous_4)
FNF:5
FNH:4
FNDA:3,(anonymous_0)
FNDA:2,(anonymous_1)
FNDA:1,(anonymous_2)
FNDA:0,(anonymous_3)
FNDA:1,(anonymous_4)
DA:4,1
DA:6,3
DA:9,2
DA:10,2
DA:14,1
DA:16,1
DA:19,0
DA:23,1
DA:25,1
DA:26,1
DA:27,1
DA:31,1
LF:12
LH:11
BRF:0
BRH:0
end_of_record
TN:
SF:C:\Proyectos\shaffiro-front\src\store\modules\usuarios.js
FN:5,(anonymous_0)
FN:8,(anonymous_1)
FN:12,(anonymous_2)
FN:13,(anonymous_3)
FN:19,(anonymous_4)
FN:22,(anonymous_5)
FN:28,(anonymous_6)
FN:33,(anonymous_7)
FN:38,(anonymous_8)
FNF:9
FNH:9
FNDA:5,(anonymous_0)
FNDA:4,(anonymous_1)
FNDA:2,(anonymous_2)
FNDA:2,(anonymous_3)
FNDA:1,(anonymous_4)
FNDA:1,(anonymous_5)
FNDA:1,(anonymous_6)
FNDA:1,(anonymous_7)
FNDA:1,(anonymous_8)
DA:4,1
DA:6,5
DA:9,4
DA:10,4
DA:13,2
DA:14,2
DA:18,1
DA:20,1
DA:23,1
DA:27,1
DA:29,1
DA:30,1
DA:34,1
DA:35,1
DA:39,1
DA:40,1
DA:45,1
LF:17
LH:17
BRF:0
BRH:0
end_of_record
TN:
SF:C:\Proyectos\shaffiro-front\src\utils\reglas.js
FN:2,(anonymous_0)
FN:17,(anonymous_1)
FN:28,(anonymous_2)
FN:39,(anonymous_3)
FN:50,(anonymous_4)
FN:51,(anonymous_5)
FN:58,(anonymous_6)
FN:65,(anonymous_7)
FN:70,(anonymous_8)
FNF:9
FNH:9
FNDA:14,(anonymous_0)
FNDA:13,(anonymous_1)
FNDA:3,(anonymous_2)
FNDA:3,(anonymous_3)
FNDA:1,(anonymous_4)
FNDA:3,(anonymous_5)
FNDA:6,(anonymous_6)
FNDA:6,(anonymous_7)
FNDA:15,(anonymous_8)
DA:2,4
DA:3,14
DA:5,5
DA:7,6
DA:9,1
DA:11,1
DA:13,1
DA:17,4
DA:18,13
DA:20,5
DA:22,7
DA:24,1
DA:28,4
DA:29,3
DA:31,1
DA:33,1
DA:35,1
DA:39,4
DA:40,3
DA:42,1
DA:44,1
DA:46,1
DA:50,4
DA:51,1
DA:53,3
DA:57,3
DA:58,6
DA:59,3
DA:60,1
DA:64,3
DA:65,6
DA:66,3
DA:67,1
DA:70,3
DA:72,15
DA:73,9
DA:74,9
DA:76,6
DA:78,15
DA:80,3
DA:81,3
DA:84,3
DA:85,3
DA:88,3
DA:89,3
DA:91,3
LF:46
LH:46
BRDA:3,0,0,5
BRDA:3,0,1,6
BRDA:3,0,2,1
BRDA:3,0,3,1
BRDA:3,0,4,1
BRDA:18,1,0,5
BRDA:18,1,1,7
BRDA:18,1,2,1
BRDA:29,2,0,1
BRDA:29,2,1,1
BRDA:29,2,2,1
BRDA:40,3,0,1
BRDA:40,3,1,1
BRDA:40,3,2,1
BRDA:59,4,0,2
BRDA:59,4,1,1
BRDA:66,5,0,2
BRDA:66,5,1,1
BRDA:72,6,0,9
BRDA:72,6,1,6
BRDA:76,7,0,4
BRDA:76,7,1,2
BRDA:84,8,0,2
BRDA:84,8,1,1
BRDA:85,9,0,2
BRDA:85,9,1,1
BRF:26
BRH:26
end_of_record
TN:
SF:C:\Proyectos\shaffiro-front\src\utils\ruleEngineApi.js
FNF:0
FNH:0
DA:3,1
DA:7,1
LF:2
LH:2
BRDA:3,0,0,0
BRDA:3,0,1,1
BRF:2
BRH:1
end_of_record
TN:
SF:C:\Proyectos\shaffiro-front\src\utils\searchFilter.js
FN:1,(anonymous_0)
FN:4,(anonymous_1)
FN:5,(anonymous_2)
FNF:3
FNH:3
FNDA:8,(anonymous_0)
FNDA:16,(anonymous_1)
FNDA:17,(anonymous_2)
DA:1,4
DA:2,8
DA:4,8
DA:5,16
DA:6,17
LF:5
LH:5
BRF:0
BRH:0
end_of_record
TN:
SF:C:\Proyectos\shaffiro-front\src\utils\users.js
FN:1,(anonymous_0)
FNF:1
FNH:1
FNDA:28,(anonymous_0)
DA:1,3
DA:2,28
DA:4,15
DA:6,12
DA:8,1
LF:5
LH:5
BRDA:2,0,0,15
BRDA:2,0,1,12
BRDA:2,0,2,1
BRF:3
BRH:3
end_of_record
TN:
SF:C:\Proyectos\shaffiro-front\src\validators\validators.js
FN:2,(anonymous_0)
FN:7,(anonymous_1)
FNF:2
FNH:2
FNDA:4,(anonymous_0)
FNDA:3,(anonymous_1)
DA:2,4
DA:3,4
DA:7,4
DA:10,3
DA:11,3
LF:5
LH:5
BRDA:3,0,0,4
BRDA:3,0,1,2
BRF:2
BRH:2
end_of_record
